2017-12-09 18:24:43  class:Log.Log info Log.Log 信息 Generation: 0 
2017-12-09 18:24:43  class:Log.Log info Log.Log 信息     Average Fitness: 0.7547499999999999 
2017-12-09 18:24:43  class:Log.Log info Log.Log 信息     Average Mutation Probability: 0.4084575404301872 
2017-12-09 18:24:43  class:Log.Log info Log.Log 信息 Generation: 1 
2017-12-09 18:24:43  class:Log.Log info Log.Log 信息     Average Fitness: 0.8127499999999995 
2017-12-09 18:24:43  class:Log.Log info Log.Log 信息     Average Mutation Probability: 0.387142528388047 
2017-12-09 18:24:43  class:Log.Log info Log.Log 信息 Generation: 2 
2017-12-09 18:24:43  class:Log.Log info Log.Log 信息     Average Fitness: 0.8496249999999993 
2017-12-09 18:24:43  class:Log.Log info Log.Log 信息     Average Mutation Probability: 0.3704556915504316 
2017-12-09 18:24:43  class:Log.Log info Log.Log 信息 Generation: 3 
2017-12-09 18:24:43  class:Log.Log info Log.Log 信息     Average Fitness: 0.8760000000000003 
2017-12-09 18:24:43  class:Log.Log info Log.Log 信息     Average Mutation Probability: 0.36760820305236386 
2017-12-09 18:24:43  class:Log.Log info Log.Log 信息 Generation: 4 
2017-12-09 18:24:43  class:Log.Log info Log.Log 信息     Average Fitness: 0.8922499999999997 
2017-12-09 18:24:43  class:Log.Log info Log.Log 信息     Average Mutation Probability: 0.3664958873070804 
2017-12-09 18:24:43  class:Log.Log info Log.Log 信息 Generation: 5 
2017-12-09 18:24:43  class:Log.Log info Log.Log 信息     Average Fitness: 0.9208749999999993 
2017-12-09 18:24:43  class:Log.Log info Log.Log 信息     Average Mutation Probability: 0.3645539243179388 
2017-12-09 18:24:43  class:Log.Log info Log.Log 信息 Generation: 6 
2017-12-09 18:24:43  class:Log.Log info Log.Log 信息     Average Fitness: 0.9367500000000003 
2017-12-09 18:24:43  class:Log.Log info Log.Log 信息     Average Mutation Probability: 0.362829634309261 
2017-12-09 18:24:43  class:Log.Log info Log.Log 信息 Generation: 7 
2017-12-09 18:24:43  class:Log.Log info Log.Log 信息     Average Fitness: 0.945875000000001 
2017-12-09 18:24:43  class:Log.Log info Log.Log 信息     Average Mutation Probability: 0.3640631152069551 
2017-12-09 18:24:43  class:Log.Log info Log.Log 信息 Generation: 8 
2017-12-09 18:24:43  class:Log.Log info Log.Log 信息     Average Fitness: 0.9566250000000012 
2017-12-09 18:24:43  class:Log.Log info Log.Log 信息     Average Mutation Probability: 0.36443831048432046 
2017-12-09 18:24:43  class:Log.Log info Log.Log 信息 Generation: 9 
2017-12-09 18:24:43  class:Log.Log info Log.Log 信息     Average Fitness: 0.956000000000001 
2017-12-09 18:24:43  class:Log.Log info Log.Log 信息     Average Mutation Probability: 0.3642722958590721 
2017-12-09 18:24:43  class:Log.Log info Log.Log 信息 Generation: 10 
2017-12-09 18:24:43  class:Log.Log info Log.Log 信息     Average Fitness: 0.9577500000000012 
2017-12-09 18:24:43  class:Log.Log info Log.Log 信息     Average Mutation Probability: 0.3642783382323937 
2017-12-09 18:24:43  class:Log.Log info Log.Log 信息 Generation: 11 
2017-12-09 18:24:43  class:Log.Log info Log.Log 信息     Average Fitness: 0.9580000000000006 
2017-12-09 18:24:43  class:Log.Log info Log.Log 信息     Average Mutation Probability: 0.3643357407789519 
2017-12-09 18:24:43  class:Log.Log info Log.Log 信息 Generation: 12 
2017-12-09 18:24:43  class:Log.Log info Log.Log 信息     Average Fitness: 0.9669999999999997 
2017-12-09 18:24:43  class:Log.Log info Log.Log 信息     Average Mutation Probability: 0.36431534776899077 
2017-12-09 18:24:43  class:Log.Log info Log.Log 信息 Generation: 13 
2017-12-09 18:24:43  class:Log.Log info Log.Log 信息     Average Fitness: 0.975124999999999 
2017-12-09 18:24:43  class:Log.Log info Log.Log 信息     Average Mutation Probability: 0.36431761365898635 
2017-12-09 18:24:43  class:Log.Log info Log.Log 信息 -------------------------Monday:-------------------------
 
2017-12-09 18:24:43  class:Log.Log info Log.Log 信息 Course Class: Linear Algebra - Session 1
    Time: 10:00 - 13:00
    Location: Room 3
    Student Count: 150
    Room Capacity: 200
 
2017-12-09 18:24:43  class:Log.Log info Log.Log 信息 Course Class: Advanced Mathematics - Session 2
    Time: 17:00 - 20:00
    Location: Room 3
    Student Count: 150
    Room Capacity: 200
 
2017-12-09 18:24:43  class:Log.Log info Log.Log 信息 Course Class: Software Quality Control
    Time: 8:00 - 11:00
    Location: Room 1
    Student Count: 50
    Room Capacity: 60
 
2017-12-09 18:24:43  class:Log.Log info Log.Log 信息 -------------------------Tuseday:-------------------------
 
2017-12-09 18:24:43  class:Log.Log info Log.Log 信息 Course Class: Database
    Time: 11:00 - 14:00
    Location: Room 2
    Student Count: 80
    Room Capacity: 80
 
2017-12-09 18:24:43  class:Log.Log info Log.Log 信息 Course Class: Advanced Mathematics - Session 1
    Time: 18:00 - 21:00
    Location: Room 3
    Student Count: 150
    Room Capacity: 200
 
2017-12-09 18:24:43  class:Log.Log info Log.Log 信息 Course Class: Application Engineering Development - session2
    Time: 9:00 - 12:00
    Location: Room 3
    Student Count: 200
    Room Capacity: 200
 
2017-12-09 18:24:43  class:Log.Log info Log.Log 信息 Course Class: Cloud Computing - Session 1
    Time: 14:00 - 17:00
    Location: Room 3
    Student Count: 90
    Room Capacity: 200
 
2017-12-09 18:24:43  class:Log.Log info Log.Log 信息 Course Class: Business Analysis and Information Engineering
    Time: 12:00 - 14:00
    Location: Room 3
    Student Count: 100
    Room Capacity: 200
 
2017-12-09 18:24:43  class:Log.Log info Log.Log 信息 Course Class: Big Data
    Time: 15:00 - 17:00
    Location: Room 2
    Student Count: 60
    Room Capacity: 80
 
2017-12-09 18:24:43  class:Log.Log info Log.Log 信息 -------------------------Wednesday:-------------------------
 
2017-12-09 18:24:43  class:Log.Log info Log.Log 信息 Course Class: Web Tools
    Time: 17:00 - 20:00
    Location: Room 2
    Student Count: 60
    Room Capacity: 80
 
2017-12-09 18:24:43  class:Log.Log info Log.Log 信息 Course Class: User Experience Design
    Time: 19:00 - 21:00
    Location: Room 3
    Student Count: 90
    Room Capacity: 200
 
2017-12-09 18:24:43  class:Log.Log info Log.Log 信息 Course Class: Application Engineering Development - session1
    Time: 8:00 - 11:00
    Location: Room 3
    Student Count: 200
    Room Capacity: 200
 
2017-12-09 18:24:43  class:Log.Log info Log.Log 信息 Course Class: Concurrent and Parallel Programming
    Time: 8:00 - 11:00
    Location: Room 2
    Student Count: 60
    Room Capacity: 80
 
2017-12-09 18:24:43  class:Log.Log info Log.Log 信息 Course Class: Cloud Computing - Session 2
    Time: 13:00 - 16:00
    Location: Room 3
    Student Count: 90
    Room Capacity: 200
 
2017-12-09 18:24:43  class:Log.Log info Log.Log 信息 -------------------------Thursday:-------------------------
 
2017-12-09 18:24:43  class:Log.Log info Log.Log 信息 Course Class: Object-Oriented Design
    Time: 8:00 - 11:00
    Location: Room 3
    Student Count: 100
    Room Capacity: 200
 
2017-12-09 18:24:43  class:Log.Log info Log.Log 信息 Course Class: Algorithm
    Time: 12:00 - 14:00
    Location: Room 1
    Student Count: 50
    Room Capacity: 60
 
2017-12-09 18:24:43  class:Log.Log info Log.Log 信息 Course Class: Web Design
    Time: 14:00 - 17:00
    Location: Room 2
    Student Count: 80
    Room Capacity: 80
 
2017-12-09 18:24:43  class:Log.Log info Log.Log 信息 -------------------------Friday:-------------------------
 
2017-12-09 18:24:43  class:Log.Log info Log.Log 信息 Course Class: Data Warehousing and Business Intelligence
    Time: 10:00 - 13:00
    Location: Room 3
    Student Count: 100
    Room Capacity: 200
 
2017-12-09 18:24:43  class:Log.Log info Log.Log 信息 Course Class: Linear Algebra - Session 2
    Time: 16:00 - 19:00
    Location: Room 3
    Student Count: 150
    Room Capacity: 200
 
2017-12-09 18:24:43  class:Log.Log info Log.Log 信息 Course Class: SmartPhone Application Development
    Time: 18:00 - 20:00
    Location: Room 1
    Student Count: 50
    Room Capacity: 60
 
