2017-12-09 18:27:38  class:Log.Log info Log.Log 信息 Generation: 0 
2017-12-09 18:27:38  class:Log.Log info Log.Log 信息     Average Fitness: 0.7486250000000001 
2017-12-09 18:27:38  class:Log.Log info Log.Log 信息     Average Mutation Probability: 0.4014003389292186 
2017-12-09 18:27:38  class:Log.Log info Log.Log 信息 Generation: 1 
2017-12-09 18:27:38  class:Log.Log info Log.Log 信息     Average Fitness: 0.792625 
2017-12-09 18:27:38  class:Log.Log info Log.Log 信息     Average Mutation Probability: 0.41012648280689246 
2017-12-09 18:27:38  class:Log.Log info Log.Log 信息 Generation: 2 
2017-12-09 18:27:38  class:Log.Log info Log.Log 信息     Average Fitness: 0.8301250000000003 
2017-12-09 18:27:38  class:Log.Log info Log.Log 信息     Average Mutation Probability: 0.413148711778526 
2017-12-09 18:27:38  class:Log.Log info Log.Log 信息 Generation: 3 
2017-12-09 18:27:38  class:Log.Log info Log.Log 信息     Average Fitness: 0.8607499999999999 
2017-12-09 18:27:38  class:Log.Log info Log.Log 信息     Average Mutation Probability: 0.41879521387424185 
2017-12-09 18:27:38  class:Log.Log info Log.Log 信息 Generation: 4 
2017-12-09 18:27:38  class:Log.Log info Log.Log 信息     Average Fitness: 0.8820000000000005 
2017-12-09 18:27:38  class:Log.Log info Log.Log 信息     Average Mutation Probability: 0.4213311700251917 
2017-12-09 18:27:38  class:Log.Log info Log.Log 信息 Generation: 5 
2017-12-09 18:27:39  class:Log.Log info Log.Log 信息     Average Fitness: 0.8858750000000001 
2017-12-09 18:27:39  class:Log.Log info Log.Log 信息     Average Mutation Probability: 0.4176282194586946 
2017-12-09 18:27:39  class:Log.Log info Log.Log 信息 Generation: 6 
2017-12-09 18:27:39  class:Log.Log info Log.Log 信息     Average Fitness: 0.8977499999999994 
2017-12-09 18:27:39  class:Log.Log info Log.Log 信息     Average Mutation Probability: 0.4160259110888483 
2017-12-09 18:27:39  class:Log.Log info Log.Log 信息 Generation: 7 
2017-12-09 18:27:39  class:Log.Log info Log.Log 信息     Average Fitness: 0.9118749999999991 
2017-12-09 18:27:39  class:Log.Log info Log.Log 信息     Average Mutation Probability: 0.4159518883432252 
2017-12-09 18:27:39  class:Log.Log info Log.Log 信息 Generation: 8 
2017-12-09 18:27:39  class:Log.Log info Log.Log 信息     Average Fitness: 0.9290000000000002 
2017-12-09 18:27:39  class:Log.Log info Log.Log 信息     Average Mutation Probability: 0.41401730137144577 
2017-12-09 18:27:39  class:Log.Log info Log.Log 信息 Generation: 9 
2017-12-09 18:27:39  class:Log.Log info Log.Log 信息     Average Fitness: 0.9343750000000006 
2017-12-09 18:27:39  class:Log.Log info Log.Log 信息     Average Mutation Probability: 0.41379629732416623 
2017-12-09 18:27:39  class:Log.Log info Log.Log 信息 Generation: 10 
2017-12-09 18:27:39  class:Log.Log info Log.Log 信息     Average Fitness: 0.9506250000000006 
2017-12-09 18:27:39  class:Log.Log info Log.Log 信息     Average Mutation Probability: 0.41335250240427635 
2017-12-09 18:27:39  class:Log.Log info Log.Log 信息 Generation: 11 
2017-12-09 18:27:39  class:Log.Log info Log.Log 信息     Average Fitness: 0.9592499999999999 
2017-12-09 18:27:39  class:Log.Log info Log.Log 信息     Average Mutation Probability: 0.41354827016855344 
2017-12-09 18:27:39  class:Log.Log info Log.Log 信息 Generation: 12 
2017-12-09 18:27:39  class:Log.Log info Log.Log 信息     Average Fitness: 0.9678749999999995 
2017-12-09 18:27:39  class:Log.Log info Log.Log 信息     Average Mutation Probability: 0.4135722189445605 
2017-12-09 18:27:39  class:Log.Log info Log.Log 信息 Generation: 13 
2017-12-09 18:27:39  class:Log.Log info Log.Log 信息     Average Fitness: 0.9714999999999995 
2017-12-09 18:27:39  class:Log.Log info Log.Log 信息     Average Mutation Probability: 0.41359234818394247 
2017-12-09 18:27:39  class:Log.Log info Log.Log 信息 -------------------------Monday:------------------------------------
 
2017-12-09 18:27:39  class:Log.Log info Log.Log 信息 Course Class: Database
    Time: 14:00 - 17:00
    Location: Room 2
    Student Count: 80
    Room Capacity: 80
 
2017-12-09 18:27:39  class:Log.Log info Log.Log 信息 Course Class: Advanced Mathematics - Session 1
    Time: 13:00 - 16:00
    Location: Room 3
    Student Count: 150
    Room Capacity: 200
 
2017-12-09 18:27:39  class:Log.Log info Log.Log 信息 Course Class: User Experience Design
    Time: 17:00 - 19:00
    Location: Room 3
    Student Count: 90
    Room Capacity: 200
 
2017-12-09 18:27:39  class:Log.Log info Log.Log 信息 Course Class: SmartPhone Application Development
    Time: 17:00 - 19:00
    Location: Room 2
    Student Count: 50
    Room Capacity: 80
 
2017-12-09 18:27:39  class:Log.Log info Log.Log 信息 Course Class: Cloud Computing - Session 1
    Time: 8:00 - 11:00
    Location: Room 3
    Student Count: 90
    Room Capacity: 200
 
2017-12-09 18:27:39  class:Log.Log info Log.Log 信息 Course Class: Big Data
    Time: 13:00 - 15:00
    Location: Room 1
    Student Count: 60
    Room Capacity: 60
 
2017-12-09 18:27:39  class:Log.Log info Log.Log 信息 -------------------------Tuseday:-------------------------------------
 
2017-12-09 18:27:39  class:Log.Log info Log.Log 信息 Course Class: Application Engineering Development - session2
    Time: 18:00 - 21:00
    Location: Room 3
    Student Count: 200
    Room Capacity: 200
 
2017-12-09 18:27:39  class:Log.Log info Log.Log 信息 Course Class: Web Tools
    Time: 15:00 - 18:00
    Location: Room 1
    Student Count: 60
    Room Capacity: 60
 
2017-12-09 18:27:39  class:Log.Log info Log.Log 信息 Course Class: Web Design
    Time: 12:00 - 15:00
    Location: Room 2
    Student Count: 80
    Room Capacity: 80
 
2017-12-09 18:27:39  class:Log.Log info Log.Log 信息 -------------------------Wednesday:-----------------------------------
 
2017-12-09 18:27:39  class:Log.Log info Log.Log 信息 Course Class: Data Warehousing and Business Intelligence
    Time: 12:00 - 15:00
    Location: Room 3
    Student Count: 100
    Room Capacity: 200
 
2017-12-09 18:27:39  class:Log.Log info Log.Log 信息 Course Class: Object-Oriented Design
    Time: 9:00 - 12:00
    Location: Room 3
    Student Count: 100
    Room Capacity: 200
 
2017-12-09 18:27:39  class:Log.Log info Log.Log 信息 Course Class: Linear Algebra - Session 2
    Time: 18:00 - 21:00
    Location: Room 3
    Student Count: 150
    Room Capacity: 200
 
2017-12-09 18:27:39  class:Log.Log info Log.Log 信息 Course Class: Concurrent and Parallel Programming
    Time: 17:00 - 20:00
    Location: Room 1
    Student Count: 60
    Room Capacity: 60
 
2017-12-09 18:27:39  class:Log.Log info Log.Log 信息 -------------------------Thursday:------------------------------------
 
2017-12-09 18:27:39  class:Log.Log info Log.Log 信息 Course Class: Application Engineering Development - session1
    Time: 10:00 - 13:00
    Location: Room 3
    Student Count: 200
    Room Capacity: 200
 
2017-12-09 18:27:39  class:Log.Log info Log.Log 信息 Course Class: Cloud Computing - Session 2
    Time: 16:00 - 19:00
    Location: Room 3
    Student Count: 90
    Room Capacity: 200
 
2017-12-09 18:27:39  class:Log.Log info Log.Log 信息 -------------------------Friday:--------------------------------------
 
2017-12-09 18:27:39  class:Log.Log info Log.Log 信息 Course Class: Linear Algebra - Session 1
    Time: 18:00 - 21:00
    Location: Room 3
    Student Count: 150
    Room Capacity: 200
 
2017-12-09 18:27:39  class:Log.Log info Log.Log 信息 Course Class: Advanced Mathematics - Session 2
    Time: 11:00 - 14:00
    Location: Room 3
    Student Count: 150
    Room Capacity: 200
 
2017-12-09 18:27:39  class:Log.Log info Log.Log 信息 Course Class: Algorithm
    Time: 10:00 - 12:00
    Location: Room 2
    Student Count: 50
    Room Capacity: 80
 
2017-12-09 18:27:39  class:Log.Log info Log.Log 信息 Course Class: Business Analysis and Information Engineering
    Time: 9:00 - 11:00
    Location: Room 3
    Student Count: 100
    Room Capacity: 200
 
2017-12-09 18:27:39  class:Log.Log info Log.Log 信息 Course Class: Software Quality Control
    Time: 10:00 - 13:00
    Location: Room 1
    Student Count: 50
    Room Capacity: 60
 
