2017-12-09 18:28:28  class:Log.Log info Log.Log 信息 Generation: 0 
2017-12-09 18:28:28  class:Log.Log info Log.Log 信息     Average Fitness: 0.752125 
2017-12-09 18:28:28  class:Log.Log info Log.Log 信息     Average Mutation Probability: 0.40050856016462505 
2017-12-09 18:28:28  class:Log.Log info Log.Log 信息 Generation: 1 
2017-12-09 18:28:28  class:Log.Log info Log.Log 信息     Average Fitness: 0.8147500000000004 
2017-12-09 18:28:28  class:Log.Log info Log.Log 信息     Average Mutation Probability: 0.39423901135519945 
2017-12-09 18:28:28  class:Log.Log info Log.Log 信息 Generation: 2 
2017-12-09 18:28:28  class:Log.Log info Log.Log 信息     Average Fitness: 0.846 
2017-12-09 18:28:28  class:Log.Log info Log.Log 信息     Average Mutation Probability: 0.3703237299740575 
2017-12-09 18:28:28  class:Log.Log info Log.Log 信息 Generation: 3 
2017-12-09 18:28:28  class:Log.Log info Log.Log 信息     Average Fitness: 0.8726250000000003 
2017-12-09 18:28:28  class:Log.Log info Log.Log 信息     Average Mutation Probability: 0.35602837305885665 
2017-12-09 18:28:28  class:Log.Log info Log.Log 信息 Generation: 4 
2017-12-09 18:28:28  class:Log.Log info Log.Log 信息     Average Fitness: 0.8885 
2017-12-09 18:28:28  class:Log.Log info Log.Log 信息     Average Mutation Probability: 0.35794144917768717 
2017-12-09 18:28:28  class:Log.Log info Log.Log 信息 Generation: 5 
2017-12-09 18:28:28  class:Log.Log info Log.Log 信息     Average Fitness: 0.9076249999999993 
2017-12-09 18:28:28  class:Log.Log info Log.Log 信息     Average Mutation Probability: 0.35728244352450944 
2017-12-09 18:28:28  class:Log.Log info Log.Log 信息 Generation: 6 
2017-12-09 18:28:28  class:Log.Log info Log.Log 信息     Average Fitness: 0.9237499999999997 
2017-12-09 18:28:28  class:Log.Log info Log.Log 信息     Average Mutation Probability: 0.357279889132162 
2017-12-09 18:28:28  class:Log.Log info Log.Log 信息 Generation: 7 
2017-12-09 18:28:28  class:Log.Log info Log.Log 信息     Average Fitness: 0.9335000000000001 
2017-12-09 18:28:28  class:Log.Log info Log.Log 信息     Average Mutation Probability: 0.3581055014564397 
2017-12-09 18:28:28  class:Log.Log info Log.Log 信息 Generation: 8 
2017-12-09 18:28:28  class:Log.Log info Log.Log 信息     Average Fitness: 0.9376250000000005 
2017-12-09 18:28:28  class:Log.Log info Log.Log 信息     Average Mutation Probability: 0.35857902360644905 
2017-12-09 18:28:28  class:Log.Log info Log.Log 信息 Generation: 9 
2017-12-09 18:28:28  class:Log.Log info Log.Log 信息     Average Fitness: 0.948250000000001 
2017-12-09 18:28:28  class:Log.Log info Log.Log 信息     Average Mutation Probability: 0.35850522551688435 
2017-12-09 18:28:28  class:Log.Log info Log.Log 信息 Generation: 10 
2017-12-09 18:28:28  class:Log.Log info Log.Log 信息     Average Fitness: 0.9546250000000007 
2017-12-09 18:28:28  class:Log.Log info Log.Log 信息     Average Mutation Probability: 0.3588796539897007 
2017-12-09 18:28:28  class:Log.Log info Log.Log 信息 Generation: 11 
2017-12-09 18:28:28  class:Log.Log info Log.Log 信息     Average Fitness: 0.9657499999999998 
2017-12-09 18:28:28  class:Log.Log info Log.Log 信息     Average Mutation Probability: 0.35873782926948683 
2017-12-09 18:28:28  class:Log.Log info Log.Log 信息 Generation: 12 
2017-12-09 18:28:28  class:Log.Log info Log.Log 信息     Average Fitness: 0.9714999999999993 
2017-12-09 18:28:28  class:Log.Log info Log.Log 信息     Average Mutation Probability: 0.358635400182377 
2017-12-09 18:28:28  class:Log.Log info Log.Log 信息 Generation: 13 
2017-12-09 18:28:28  class:Log.Log info Log.Log 信息     Average Fitness: 0.980999999999999 
2017-12-09 18:28:28  class:Log.Log info Log.Log 信息     Average Mutation Probability: 0.3586825906998989 
2017-12-09 18:28:28  class:Log.Log info Log.Log 信息 Generation: 14 
2017-12-09 18:28:28  class:Log.Log info Log.Log 信息     Average Fitness: 0.9806249999999989 
2017-12-09 18:28:28  class:Log.Log info Log.Log 信息     Average Mutation Probability: 0.3586841436194931 
2017-12-09 18:28:28  class:Log.Log info Log.Log 信息 Generation: 15 
2017-12-09 18:28:28  class:Log.Log info Log.Log 信息     Average Fitness: 0.9816249999999986 
2017-12-09 18:28:28  class:Log.Log info Log.Log 信息     Average Mutation Probability: 0.35867078390078744 
2017-12-09 18:28:28  class:Log.Log info Log.Log 信息 Generation: 16 
2017-12-09 18:28:28  class:Log.Log info Log.Log 信息     Average Fitness: 0.9822499999999986 
2017-12-09 18:28:28  class:Log.Log info Log.Log 信息     Average Mutation Probability: 0.35866685457175657 
2017-12-09 18:28:28  class:Log.Log info Log.Log 信息 Generation: 17 
2017-12-09 18:28:28  class:Log.Log info Log.Log 信息     Average Fitness: 0.9794999999999987 
2017-12-09 18:28:28  class:Log.Log info Log.Log 信息     Average Mutation Probability: 0.35866999803498145 
2017-12-09 18:28:28  class:Log.Log info Log.Log 信息 Generation: 18 
2017-12-09 18:28:28  class:Log.Log info Log.Log 信息     Average Fitness: 0.9783749999999989 
2017-12-09 18:28:28  class:Log.Log info Log.Log 信息     Average Mutation Probability: 0.35867309238159323 
2017-12-09 18:28:28  class:Log.Log info Log.Log 信息 Generation: 19 
2017-12-09 18:28:28  class:Log.Log info Log.Log 信息     Average Fitness: 0.9782499999999992 
2017-12-09 18:28:28  class:Log.Log info Log.Log 信息     Average Mutation Probability: 0.35867365722264183 
2017-12-09 18:28:28  class:Log.Log info Log.Log 信息 Generation: 20 
2017-12-09 18:28:28  class:Log.Log info Log.Log 信息     Average Fitness: 0.980249999999999 
2017-12-09 18:28:28  class:Log.Log info Log.Log 信息     Average Mutation Probability: 0.35867381685163385 
2017-12-09 18:28:28  class:Log.Log info Log.Log 信息 Generation: 21 
2017-12-09 18:28:28  class:Log.Log info Log.Log 信息     Average Fitness: 0.977499999999999 
2017-12-09 18:28:28  class:Log.Log info Log.Log 信息     Average Mutation Probability: 0.35867401331808524 
2017-12-09 18:28:28  class:Log.Log info Log.Log 信息 Generation: 22 
2017-12-09 18:28:28  class:Log.Log info Log.Log 信息     Average Fitness: 0.9832499999999987 
2017-12-09 18:28:28  class:Log.Log info Log.Log 信息     Average Mutation Probability: 0.358674074713851 
2017-12-09 18:28:29  class:Log.Log info Log.Log 信息 Generation: 23 
2017-12-09 18:28:29  class:Log.Log info Log.Log 信息     Average Fitness: 0.9813749999999989 
2017-12-09 18:28:29  class:Log.Log info Log.Log 信息     Average Mutation Probability: 0.3586740102482966 
2017-12-09 18:28:29  class:Log.Log info Log.Log 信息 Generation: 24 
2017-12-09 18:28:29  class:Log.Log info Log.Log 信息     Average Fitness: 0.9797499999999992 
2017-12-09 18:28:29  class:Log.Log info Log.Log 信息     Average Mutation Probability: 0.35867398875977874 
2017-12-09 18:28:29  class:Log.Log info Log.Log 信息 Generation: 25 
2017-12-09 18:28:29  class:Log.Log info Log.Log 信息     Average Fitness: 0.9793749999999986 
2017-12-09 18:28:29  class:Log.Log info Log.Log 信息     Average Mutation Probability: 0.35867400909712593 
2017-12-09 18:28:29  class:Log.Log info Log.Log 信息 Generation: 26 
2017-12-09 18:28:29  class:Log.Log info Log.Log 信息     Average Fitness: 0.9803749999999991 
2017-12-09 18:28:29  class:Log.Log info Log.Log 信息     Average Mutation Probability: 0.35867404574272405 
2017-12-09 18:28:29  class:Log.Log info Log.Log 信息 Generation: 27 
2017-12-09 18:28:29  class:Log.Log info Log.Log 信息     Average Fitness: 0.9799999999999989 
2017-12-09 18:28:29  class:Log.Log info Log.Log 信息     Average Mutation Probability: 0.3586740353821883 
2017-12-09 18:28:29  class:Log.Log info Log.Log 信息 
-------------------------Monday:------------------------------------ 
2017-12-09 18:28:29  class:Log.Log info Log.Log 信息 Course Class: Linear Algebra - Session 1
    Time: 9:00 - 12:00
    Location: Room 3
    Student Count: 150
    Room Capacity: 200
 
2017-12-09 18:28:29  class:Log.Log info Log.Log 信息 Course Class: Data Warehousing and Business Intelligence
    Time: 13:00 - 16:00
    Location: Room 3
    Student Count: 100
    Room Capacity: 200
 
2017-12-09 18:28:29  class:Log.Log info Log.Log 信息 Course Class: Advanced Mathematics - Session 1
    Time: 18:00 - 21:00
    Location: Room 3
    Student Count: 150
    Room Capacity: 200
 
2017-12-09 18:28:29  class:Log.Log info Log.Log 信息 Course Class: Web Tools
    Time: 15:00 - 18:00
    Location: Room 2
    Student Count: 60
    Room Capacity: 80
 
2017-12-09 18:28:29  class:Log.Log info Log.Log 信息 Course Class: Concurrent and Parallel Programming
    Time: 10:00 - 13:00
    Location: Room 1
    Student Count: 60
    Room Capacity: 60
 
2017-12-09 18:28:29  class:Log.Log info Log.Log 信息 Course Class: SmartPhone Application Development
    Time: 17:00 - 19:00
    Location: Room 1
    Student Count: 50
    Room Capacity: 60
 
2017-12-09 18:28:29  class:Log.Log info Log.Log 信息 -------------------------Tuseday:------------------------------------- 
2017-12-09 18:28:29  class:Log.Log info Log.Log 信息 Course Class: Application Engineering Development - session2
    Time: 12:00 - 15:00
    Location: Room 3
    Student Count: 200
    Room Capacity: 200
 
2017-12-09 18:28:29  class:Log.Log info Log.Log 信息 Course Class: User Experience Design
    Time: 8:00 - 10:00
    Location: Room 3
    Student Count: 90
    Room Capacity: 200
 
2017-12-09 18:28:29  class:Log.Log info Log.Log 信息 Course Class: Web Design
    Time: 18:00 - 21:00
    Location: Room 2
    Student Count: 80
    Room Capacity: 80
 
2017-12-09 18:28:29  class:Log.Log info Log.Log 信息 Course Class: Cloud Computing - Session 1
    Time: 17:00 - 20:00
    Location: Room 3
    Student Count: 90
    Room Capacity: 200
 
2017-12-09 18:28:29  class:Log.Log info Log.Log 信息 -------------------------Wednesday:----------------------------------- 
2017-12-09 18:28:29  class:Log.Log info Log.Log 信息 Course Class: Database
    Time: 8:00 - 11:00
    Location: Room 3
    Student Count: 80
    Room Capacity: 200
 
2017-12-09 18:28:29  class:Log.Log info Log.Log 信息 Course Class: Advanced Mathematics - Session 2
    Time: 17:00 - 20:00
    Location: Room 3
    Student Count: 150
    Room Capacity: 200
 
2017-12-09 18:28:29  class:Log.Log info Log.Log 信息 Course Class: Algorithm
    Time: 16:00 - 18:00
    Location: Room 1
    Student Count: 50
    Room Capacity: 60
 
2017-12-09 18:28:29  class:Log.Log info Log.Log 信息 Course Class: Business Analysis and Information Engineering
    Time: 14:00 - 16:00
    Location: Room 3
    Student Count: 100
    Room Capacity: 200
 
2017-12-09 18:28:29  class:Log.Log info Log.Log 信息 Course Class: Software Quality Control
    Time: 17:00 - 20:00
    Location: Room 2
    Student Count: 50
    Room Capacity: 80
 
2017-12-09 18:28:29  class:Log.Log info Log.Log 信息 Course Class: Big Data
    Time: 8:00 - 10:00
    Location: Room 1
    Student Count: 60
    Room Capacity: 60
 
2017-12-09 18:28:29  class:Log.Log info Log.Log 信息 -------------------------Thursday:------------------------------------ 
2017-12-09 18:28:29  class:Log.Log info Log.Log 信息 Course Class: Object-Oriented Design
    Time: 16:00 - 19:00
    Location: Room 3
    Student Count: 100
    Room Capacity: 200
 
2017-12-09 18:28:29  class:Log.Log info Log.Log 信息 Course Class: Linear Algebra - Session 2
    Time: 10:00 - 13:00
    Location: Room 3
    Student Count: 150
    Room Capacity: 200
 
2017-12-09 18:28:29  class:Log.Log info Log.Log 信息 -------------------------Friday:-------------------------------------- 
2017-12-09 18:28:29  class:Log.Log info Log.Log 信息 Course Class: Application Engineering Development - session1
    Time: 13:00 - 16:00
    Location: Room 3
    Student Count: 200
    Room Capacity: 200
 
2017-12-09 18:28:29  class:Log.Log info Log.Log 信息 Course Class: Cloud Computing - Session 2
    Time: 16:00 - 19:00
    Location: Room 3
    Student Count: 90
    Room Capacity: 200
 
