2017-12-09 18:28:04  class:Log.Log info Log.Log 信息 Generation: 0 
2017-12-09 18:28:04  class:Log.Log info Log.Log 信息     Average Fitness: 0.73925 
2017-12-09 18:28:04  class:Log.Log info Log.Log 信息     Average Mutation Probability: 0.4006622383138638 
2017-12-09 18:28:04  class:Log.Log info Log.Log 信息 Generation: 1 
2017-12-09 18:28:04  class:Log.Log info Log.Log 信息     Average Fitness: 0.8014999999999999 
2017-12-09 18:28:04  class:Log.Log info Log.Log 信息     Average Mutation Probability: 0.3918686809240566 
2017-12-09 18:28:04  class:Log.Log info Log.Log 信息 Generation: 2 
2017-12-09 18:28:04  class:Log.Log info Log.Log 信息     Average Fitness: 0.8416250000000001 
2017-12-09 18:28:04  class:Log.Log info Log.Log 信息     Average Mutation Probability: 0.38874060819169615 
2017-12-09 18:28:04  class:Log.Log info Log.Log 信息 Generation: 3 
2017-12-09 18:28:04  class:Log.Log info Log.Log 信息     Average Fitness: 0.8675000000000002 
2017-12-09 18:28:04  class:Log.Log info Log.Log 信息     Average Mutation Probability: 0.39541407884664187 
2017-12-09 18:28:04  class:Log.Log info Log.Log 信息 Generation: 4 
2017-12-09 18:28:04  class:Log.Log info Log.Log 信息     Average Fitness: 0.9064999999999999 
2017-12-09 18:28:04  class:Log.Log info Log.Log 信息     Average Mutation Probability: 0.3758616275161225 
2017-12-09 18:28:04  class:Log.Log info Log.Log 信息 Generation: 5 
2017-12-09 18:28:04  class:Log.Log info Log.Log 信息     Average Fitness: 0.9445000000000011 
2017-12-09 18:28:04  class:Log.Log info Log.Log 信息     Average Mutation Probability: 0.3537930577370295 
2017-12-09 18:28:04  class:Log.Log info Log.Log 信息 Generation: 6 
2017-12-09 18:28:04  class:Log.Log info Log.Log 信息     Average Fitness: 0.9572500000000008 
2017-12-09 18:28:04  class:Log.Log info Log.Log 信息     Average Mutation Probability: 0.3504407154123953 
2017-12-09 18:28:04  class:Log.Log info Log.Log 信息 Generation: 7 
2017-12-09 18:28:04  class:Log.Log info Log.Log 信息     Average Fitness: 0.9590000000000007 
2017-12-09 18:28:04  class:Log.Log info Log.Log 信息     Average Mutation Probability: 0.3497151196873828 
2017-12-09 18:28:04  class:Log.Log info Log.Log 信息 Generation: 8 
2017-12-09 18:28:04  class:Log.Log info Log.Log 信息     Average Fitness: 0.9666250000000001 
2017-12-09 18:28:04  class:Log.Log info Log.Log 信息     Average Mutation Probability: 0.35025657448054903 
2017-12-09 18:28:04  class:Log.Log info Log.Log 信息 Generation: 9 
2017-12-09 18:28:04  class:Log.Log info Log.Log 信息     Average Fitness: 0.9691249999999991 
2017-12-09 18:28:04  class:Log.Log info Log.Log 信息     Average Mutation Probability: 0.3502879812568713 
2017-12-09 18:28:04  class:Log.Log info Log.Log 信息 Generation: 10 
2017-12-09 18:28:04  class:Log.Log info Log.Log 信息     Average Fitness: 0.9687499999999993 
2017-12-09 18:28:04  class:Log.Log info Log.Log 信息     Average Mutation Probability: 0.3502796218624759 
2017-12-09 18:28:04  class:Log.Log info Log.Log 信息 Generation: 11 
2017-12-09 18:28:04  class:Log.Log info Log.Log 信息     Average Fitness: 0.9699999999999994 
2017-12-09 18:28:04  class:Log.Log info Log.Log 信息     Average Mutation Probability: 0.35026850695590667 
2017-12-09 18:28:04  class:Log.Log info Log.Log 信息 Generation: 12 
2017-12-09 18:28:04  class:Log.Log info Log.Log 信息     Average Fitness: 0.9689999999999993 
2017-12-09 18:28:04  class:Log.Log info Log.Log 信息     Average Mutation Probability: 0.3502738877736188 
2017-12-09 18:28:04  class:Log.Log info Log.Log 信息 Generation: 13 
2017-12-09 18:28:04  class:Log.Log info Log.Log 信息     Average Fitness: 0.9668749999999993 
2017-12-09 18:28:04  class:Log.Log info Log.Log 信息     Average Mutation Probability: 0.3502700023002262 
2017-12-09 18:28:04  class:Log.Log info Log.Log 信息 Generation: 14 
2017-12-09 18:28:04  class:Log.Log info Log.Log 信息     Average Fitness: 0.9684999999999993 
2017-12-09 18:28:04  class:Log.Log info Log.Log 信息     Average Mutation Probability: 0.3502722518777518 
2017-12-09 18:28:04  class:Log.Log info Log.Log 信息 Generation: 15 
2017-12-09 18:28:04  class:Log.Log info Log.Log 信息     Average Fitness: 0.9662499999999993 
2017-12-09 18:28:04  class:Log.Log info Log.Log 信息     Average Mutation Probability: 0.3502745726771893 
2017-12-09 18:28:04  class:Log.Log info Log.Log 信息 Generation: 16 
2017-12-09 18:28:04  class:Log.Log info Log.Log 信息     Average Fitness: 0.9698749999999989 
2017-12-09 18:28:04  class:Log.Log info Log.Log 信息     Average Mutation Probability: 0.3502753755164852 
2017-12-09 18:28:04  class:Log.Log info Log.Log 信息 Generation: 17 
2017-12-09 18:28:04  class:Log.Log info Log.Log 信息     Average Fitness: 0.9809999999999988 
2017-12-09 18:28:04  class:Log.Log info Log.Log 信息     Average Mutation Probability: 0.35027669641782444 
2017-12-09 18:28:04  class:Log.Log info Log.Log 信息 Generation: 18 
2017-12-09 18:28:04  class:Log.Log info Log.Log 信息     Average Fitness: 0.9832499999999987 
2017-12-09 18:28:04  class:Log.Log info Log.Log 信息     Average Mutation Probability: 0.35027643032138 
2017-12-09 18:28:04  class:Log.Log info Log.Log 信息 Generation: 19 
2017-12-09 18:28:04  class:Log.Log info Log.Log 信息     Average Fitness: 0.9813749999999986 
2017-12-09 18:28:04  class:Log.Log info Log.Log 信息     Average Mutation Probability: 0.3502762111831316 
2017-12-09 18:28:04  class:Log.Log info Log.Log 信息 Generation: 20 
2017-12-09 18:28:04  class:Log.Log info Log.Log 信息     Average Fitness: 0.9799999999999991 
2017-12-09 18:28:04  class:Log.Log info Log.Log 信息     Average Mutation Probability: 0.3502762464017789 
2017-12-09 18:28:04  class:Log.Log info Log.Log 信息 -------------------------Monday:------------------------------------ 
2017-12-09 18:28:04  class:Log.Log info Log.Log 信息 Course Class: Database
    Time: 16:00 - 19:00
    Location: Room 3
    Student Count: 80
    Room Capacity: 200
 
2017-12-09 18:28:04  class:Log.Log info Log.Log 信息 Course Class: Concurrent and Parallel Programming
    Time: 15:00 - 18:00
    Location: Room 2
    Student Count: 60
    Room Capacity: 80
 
2017-12-09 18:28:04  class:Log.Log info Log.Log 信息 Course Class: Web Design
    Time: 12:00 - 15:00
    Location: Room 3
    Student Count: 80
    Room Capacity: 200
 
2017-12-09 18:28:04  class:Log.Log info Log.Log 信息 Course Class: Big Data
    Time: 13:00 - 15:00
    Location: Room 2
    Student Count: 60
    Room Capacity: 80
 
2017-12-09 18:28:04  class:Log.Log info Log.Log 信息 -------------------------Tuseday:------------------------------------- 
2017-12-09 18:28:04  class:Log.Log info Log.Log 信息 Course Class: Linear Algebra - Session 2
    Time: 14:00 - 17:00
    Location: Room 3
    Student Count: 150
    Room Capacity: 200
 
2017-12-09 18:28:04  class:Log.Log info Log.Log 信息 Course Class: Advanced Mathematics - Session 2
    Time: 8:00 - 11:00
    Location: Room 3
    Student Count: 150
    Room Capacity: 200
 
2017-12-09 18:28:04  class:Log.Log info Log.Log 信息 Course Class: Algorithm
    Time: 18:00 - 20:00
    Location: Room 1
    Student Count: 50
    Room Capacity: 60
 
2017-12-09 18:28:04  class:Log.Log info Log.Log 信息 Course Class: User Experience Design
    Time: 18:00 - 20:00
    Location: Room 3
    Student Count: 90
    Room Capacity: 200
 
2017-12-09 18:28:04  class:Log.Log info Log.Log 信息 Course Class: SmartPhone Application Development
    Time: 11:00 - 13:00
    Location: Room 1
    Student Count: 50
    Room Capacity: 60
 
2017-12-09 18:28:04  class:Log.Log info Log.Log 信息 Course Class: Cloud Computing - Session 2
    Time: 11:00 - 14:00
    Location: Room 3
    Student Count: 90
    Room Capacity: 200
 
2017-12-09 18:28:04  class:Log.Log info Log.Log 信息 -------------------------Wednesday:----------------------------------- 
2017-12-09 18:28:04  class:Log.Log info Log.Log 信息 Course Class: Advanced Mathematics - Session 1
    Time: 16:00 - 19:00
    Location: Room 3
    Student Count: 150
    Room Capacity: 200
 
2017-12-09 18:28:04  class:Log.Log info Log.Log 信息 Course Class: Application Engineering Development - session2
    Time: 12:00 - 15:00
    Location: Room 3
    Student Count: 200
    Room Capacity: 200
 
2017-12-09 18:28:04  class:Log.Log info Log.Log 信息 Course Class: Cloud Computing - Session 1
    Time: 9:00 - 12:00
    Location: Room 3
    Student Count: 90
    Room Capacity: 200
 
2017-12-09 18:28:04  class:Log.Log info Log.Log 信息 Course Class: Software Quality Control
    Time: 12:00 - 15:00
    Location: Room 2
    Student Count: 50
    Room Capacity: 80
 
2017-12-09 18:28:04  class:Log.Log info Log.Log 信息 -------------------------Thursday:------------------------------------ 
2017-12-09 18:28:04  class:Log.Log info Log.Log 信息 Course Class: Data Warehousing and Business Intelligence
    Time: 9:00 - 12:00
    Location: Room 3
    Student Count: 100
    Room Capacity: 200
 
2017-12-09 18:28:04  class:Log.Log info Log.Log 信息 Course Class: Web Tools
    Time: 10:00 - 13:00
    Location: Room 1
    Student Count: 60
    Room Capacity: 60
 
2017-12-09 18:28:04  class:Log.Log info Log.Log 信息 Course Class: Application Engineering Development - session1
    Time: 17:00 - 20:00
    Location: Room 3
    Student Count: 200
    Room Capacity: 200
 
2017-12-09 18:28:04  class:Log.Log info Log.Log 信息 Course Class: Business Analysis and Information Engineering
    Time: 12:00 - 14:00
    Location: Room 3
    Student Count: 100
    Room Capacity: 200
 
2017-12-09 18:28:04  class:Log.Log info Log.Log 信息 -------------------------Friday:-------------------------------------- 
2017-12-09 18:28:04  class:Log.Log info Log.Log 信息 Course Class: Linear Algebra - Session 1
    Time: 10:00 - 13:00
    Location: Room 3
    Student Count: 150
    Room Capacity: 200
 
2017-12-09 18:28:04  class:Log.Log info Log.Log 信息 Course Class: Object-Oriented Design
    Time: 17:00 - 20:00
    Location: Room 3
    Student Count: 100
    Room Capacity: 200
 
