2017-12-10 14:02:51  class:Log.Log info Log.Log 信息 Generation: 0 
2017-12-10 14:02:51  class:Log.Log info Log.Log 信息     Average Fitness: 0.6958333333333334 
2017-12-10 14:02:51  class:Log.Log info Log.Log 信息     Average Mutation Probability: 0.4045496417962209 
2017-12-10 14:02:51  class:Log.Log info Log.Log 信息 Generation: 1 
2017-12-10 14:02:51  class:Log.Log info Log.Log 信息     Average Fitness: 0.7619999999999999 
2017-12-10 14:02:51  class:Log.Log info Log.Log 信息     Average Mutation Probability: 0.406866825418327 
2017-12-10 14:02:51  class:Log.Log info Log.Log 信息 Generation: 2 
2017-12-10 14:02:51  class:Log.Log info Log.Log 信息     Average Fitness: 0.8413333333333328 
2017-12-10 14:02:51  class:Log.Log info Log.Log 信息     Average Mutation Probability: 0.37918090204948535 
2017-12-10 14:02:51  class:Log.Log info Log.Log 信息 Generation: 3 
2017-12-10 14:02:51  class:Log.Log info Log.Log 信息     Average Fitness: 0.8950000000000005 
2017-12-10 14:02:51  class:Log.Log info Log.Log 信息     Average Mutation Probability: 0.3667081726285627 
2017-12-10 14:02:51  class:Log.Log info Log.Log 信息 Generation: 4 
2017-12-10 14:02:51  class:Log.Log info Log.Log 信息     Average Fitness: 0.911166666666667 
2017-12-10 14:02:51  class:Log.Log info Log.Log 信息     Average Mutation Probability: 0.370034662850803 
2017-12-10 14:02:51  class:Log.Log info Log.Log 信息 Generation: 5 
2017-12-10 14:02:51  class:Log.Log info Log.Log 信息     Average Fitness: 0.9300000000000008 
2017-12-10 14:02:51  class:Log.Log info Log.Log 信息     Average Mutation Probability: 0.3676881564619992 
2017-12-10 14:02:51  class:Log.Log info Log.Log 信息 Generation: 6 
2017-12-10 14:02:51  class:Log.Log info Log.Log 信息     Average Fitness: 0.9583333333333344 
2017-12-10 14:02:51  class:Log.Log info Log.Log 信息     Average Mutation Probability: 0.36714151623816227 
2017-12-10 14:02:51  class:Log.Log info Log.Log 信息 Generation: 7 
2017-12-10 14:02:51  class:Log.Log info Log.Log 信息     Average Fitness: 0.9761666666666676 
2017-12-10 14:02:51  class:Log.Log info Log.Log 信息     Average Mutation Probability: 0.3669964257695855 
2017-12-10 14:02:51  class:Log.Log info Log.Log 信息 
Solution Found! 
2017-12-10 14:02:51  class:Log.Log info Log.Log 信息 
-------------------------Monday:------------------------------------ 
2017-12-10 14:02:51  class:Log.Log info Log.Log 信息 Course Class: Database
    Time: 9:00 - 12:00
    Location: Room 3
    Student Count: 80
    Room Capacity: 200
 
2017-12-10 14:02:51  class:Log.Log info Log.Log 信息 Course Class: Application Engineering Development - session1
    Time: 13:00 - 16:00
    Location: Room 3
    Student Count: 200
    Room Capacity: 200
 
2017-12-10 14:02:51  class:Log.Log info Log.Log 信息 Course Class: Linear Algebra - Session 1
    Time: 16:00 - 19:00
    Location: Room 3
    Student Count: 150
    Room Capacity: 200
 
2017-12-10 14:02:51  class:Log.Log info Log.Log 信息 Course Class: Web Design
    Time: 18:00 - 21:00
    Location: Room 2
    Student Count: 80
    Room Capacity: 80
 
2017-12-10 14:02:51  class:Log.Log info Log.Log 信息 -------------------------Tuseday:------------------------------------- 
2017-12-10 14:02:51  class:Log.Log info Log.Log 信息 Course Class: Cloud Computing - Session 1
    Time: 17:00 - 20:00
    Location: Room 3
    Student Count: 90
    Room Capacity: 200
 
2017-12-10 14:02:51  class:Log.Log info Log.Log 信息 Course Class: Data Warehousing and Business Intelligence
    Time: 13:00 - 16:00
    Location: Room 3
    Student Count: 100
    Room Capacity: 200
 
2017-12-10 14:02:51  class:Log.Log info Log.Log 信息 Course Class: Concurrent and Parallel Programming
    Time: 9:00 - 12:00
    Location: Room 1
    Student Count: 60
    Room Capacity: 60
 
2017-12-10 14:02:51  class:Log.Log info Log.Log 信息 -------------------------Wednesday:----------------------------------- 
2017-12-10 14:02:51  class:Log.Log info Log.Log 信息 Course Class: Advanced Mathematics - Session 2
    Time: 15:00 - 18:00
    Location: Room 3
    Student Count: 150
    Room Capacity: 200
 
2017-12-10 14:02:51  class:Log.Log info Log.Log 信息 Course Class: Object-Oriented Design
    Time: 11:00 - 14:00
    Location: Room 3
    Student Count: 100
    Room Capacity: 200
 
2017-12-10 14:02:51  class:Log.Log info Log.Log 信息 Course Class: Algorithm
    Time: 11:00 - 13:00
    Location: Room 2
    Student Count: 50
    Room Capacity: 80
 
2017-12-10 14:02:51  class:Log.Log info Log.Log 信息 Course Class: Big Data
    Time: 14:00 - 16:00
    Location: Room 2
    Student Count: 60
    Room Capacity: 80
 
2017-12-10 14:02:51  class:Log.Log info Log.Log 信息 Course Class: User Experience Design
    Time: 8:00 - 10:00
    Location: Room 3
    Student Count: 90
    Room Capacity: 200
 
2017-12-10 14:02:51  class:Log.Log info Log.Log 信息 -------------------------Thursday:------------------------------------ 
2017-12-10 14:02:51  class:Log.Log info Log.Log 信息 Course Class: Application Engineering Development - session2
    Time: 14:00 - 17:00
    Location: Room 3
    Student Count: 200
    Room Capacity: 200
 
2017-12-10 14:02:51  class:Log.Log info Log.Log 信息 Course Class: Advanced Mathematics - Session 1
    Time: 17:00 - 20:00
    Location: Room 3
    Student Count: 150
    Room Capacity: 200
 
2017-12-10 14:02:51  class:Log.Log info Log.Log 信息 Course Class: Software Quality Control
    Time: 12:00 - 15:00
    Location: Room 1
    Student Count: 50
    Room Capacity: 60
 
2017-12-10 14:02:51  class:Log.Log info Log.Log 信息 Course Class: Business Analysis and Information Engineering
    Time: 8:00 - 10:00
    Location: Room 3
    Student Count: 100
    Room Capacity: 200
 
2017-12-10 14:02:51  class:Log.Log info Log.Log 信息 -------------------------Friday:-------------------------------------- 
2017-12-10 14:02:51  class:Log.Log info Log.Log 信息 Course Class: Web Tools
    Time: 13:00 - 16:00
    Location: Room 1
    Student Count: 60
    Room Capacity: 60
 
2017-12-10 14:02:51  class:Log.Log info Log.Log 信息 Course Class: Cloud Computing - Session 2
    Time: 18:00 - 21:00
    Location: Room 3
    Student Count: 90
    Room Capacity: 200
 
2017-12-10 14:02:51  class:Log.Log info Log.Log 信息 Course Class: Linear Algebra - Session 2
    Time: 9:00 - 12:00
    Location: Room 3
    Student Count: 150
    Room Capacity: 200
 
2017-12-10 14:02:51  class:Log.Log info Log.Log 信息 Course Class: SmartPhone Application Development
    Time: 18:00 - 20:00
    Location: Room 3
    Student Count: 50
    Room Capacity: 200
 
