2017-12-10 16:20:52  class:Log.Log info Log.Log 信息 Generation: 0 
2017-12-10 16:20:52  class:Log.Log info Log.Log 信息     Average Fitness: 0.6973333333333332 
2017-12-10 16:20:52  class:Log.Log info Log.Log 信息     Average Mutation Probability: 0.39556959900234095 
2017-12-10 16:20:52  class:Log.Log info Log.Log 信息 Generation: 1 
2017-12-10 16:20:52  class:Log.Log info Log.Log 信息     Average Fitness: 0.7679999999999998 
2017-12-10 16:20:52  class:Log.Log info Log.Log 信息     Average Mutation Probability: 0.382789762516552 
2017-12-10 16:20:52  class:Log.Log info Log.Log 信息 Generation: 2 
2017-12-10 16:20:52  class:Log.Log info Log.Log 信息     Average Fitness: 0.824 
2017-12-10 16:20:52  class:Log.Log info Log.Log 信息     Average Mutation Probability: 0.40412997933931893 
2017-12-10 16:20:52  class:Log.Log info Log.Log 信息 Generation: 3 
2017-12-10 16:20:52  class:Log.Log info Log.Log 信息     Average Fitness: 0.8599999999999998 
2017-12-10 16:20:52  class:Log.Log info Log.Log 信息     Average Mutation Probability: 0.39403083460070554 
2017-12-10 16:20:52  class:Log.Log info Log.Log 信息 Generation: 4 
2017-12-10 16:20:52  class:Log.Log info Log.Log 信息     Average Fitness: 0.8935000000000004 
2017-12-10 16:20:52  class:Log.Log info Log.Log 信息     Average Mutation Probability: 0.38623963689264507 
2017-12-10 16:20:52  class:Log.Log info Log.Log 信息 Generation: 5 
2017-12-10 16:20:52  class:Log.Log info Log.Log 信息     Average Fitness: 0.9025000000000005 
2017-12-10 16:20:52  class:Log.Log info Log.Log 信息     Average Mutation Probability: 0.38802430703848095 
2017-12-10 16:20:52  class:Log.Log info Log.Log 信息 Generation: 6 
2017-12-10 16:20:52  class:Log.Log info Log.Log 信息     Average Fitness: 0.9130000000000006 
2017-12-10 16:20:52  class:Log.Log info Log.Log 信息     Average Mutation Probability: 0.385553393906423 
2017-12-10 16:20:52  class:Log.Log info Log.Log 信息 Generation: 7 
2017-12-10 16:20:52  class:Log.Log info Log.Log 信息     Average Fitness: 0.9278333333333341 
2017-12-10 16:20:52  class:Log.Log info Log.Log 信息     Average Mutation Probability: 0.38865675826831847 
2017-12-10 16:20:52  class:Log.Log info Log.Log 信息 Generation: 8 
2017-12-10 16:20:52  class:Log.Log info Log.Log 信息     Average Fitness: 0.9425000000000014 
2017-12-10 16:20:52  class:Log.Log info Log.Log 信息     Average Mutation Probability: 0.3866110019851955 
2017-12-10 16:20:52  class:Log.Log info Log.Log 信息 Generation: 9 
2017-12-10 16:20:52  class:Log.Log info Log.Log 信息     Average Fitness: 0.9431666666666678 
2017-12-10 16:20:52  class:Log.Log info Log.Log 信息     Average Mutation Probability: 0.3864830035340092 
2017-12-10 16:20:52  class:Log.Log info Log.Log 信息 Generation: 10 
2017-12-10 16:20:52  class:Log.Log info Log.Log 信息     Average Fitness: 0.959000000000001 
2017-12-10 16:20:52  class:Log.Log info Log.Log 信息     Average Mutation Probability: 0.38656487202590734 
2017-12-10 16:20:52  class:Log.Log info Log.Log 信息 Generation: 11 
2017-12-10 16:20:52  class:Log.Log info Log.Log 信息     Average Fitness: 0.9586666666666676 
2017-12-10 16:20:52  class:Log.Log info Log.Log 信息     Average Mutation Probability: 0.3865712040720182 
2017-12-10 16:20:52  class:Log.Log info Log.Log 信息 Generation: 12 
2017-12-10 16:20:52  class:Log.Log info Log.Log 信息     Average Fitness: 0.9585000000000011 
2017-12-10 16:20:52  class:Log.Log info Log.Log 信息     Average Mutation Probability: 0.3865841319994946 
2017-12-10 16:20:52  class:Log.Log info Log.Log 信息 Generation: 13 
2017-12-10 16:20:52  class:Log.Log info Log.Log 信息     Average Fitness: 0.9603333333333343 
2017-12-10 16:20:52  class:Log.Log info Log.Log 信息     Average Mutation Probability: 0.38658597884627705 
2017-12-10 16:20:53  class:Log.Log info Log.Log 信息 Generation: 14 
2017-12-10 16:20:53  class:Log.Log info Log.Log 信息     Average Fitness: 0.9601666666666675 
2017-12-10 16:20:53  class:Log.Log info Log.Log 信息     Average Mutation Probability: 0.38658597884627705 
2017-12-10 16:20:53  class:Log.Log info Log.Log 信息 Generation: 15 
2017-12-10 16:20:53  class:Log.Log info Log.Log 信息     Average Fitness: 0.9553333333333341 
2017-12-10 16:20:53  class:Log.Log info Log.Log 信息     Average Mutation Probability: 0.38658597884627705 
2017-12-10 16:20:53  class:Log.Log info Log.Log 信息 Generation: 16 
2017-12-10 16:20:53  class:Log.Log info Log.Log 信息     Average Fitness: 0.9585000000000011 
2017-12-10 16:20:53  class:Log.Log info Log.Log 信息     Average Mutation Probability: 0.38658597884627705 
2017-12-10 16:20:53  class:Log.Log info Log.Log 信息 Generation: 17 
2017-12-10 16:20:53  class:Log.Log info Log.Log 信息     Average Fitness: 0.959500000000001 
2017-12-10 16:20:53  class:Log.Log info Log.Log 信息     Average Mutation Probability: 0.38658597884627705 
2017-12-10 16:20:53  class:Log.Log info Log.Log 信息 Generation: 18 
2017-12-10 16:20:53  class:Log.Log info Log.Log 信息     Average Fitness: 0.9568333333333343 
2017-12-10 16:20:53  class:Log.Log info Log.Log 信息     Average Mutation Probability: 0.38658597884627705 
2017-12-10 16:20:53  class:Log.Log info Log.Log 信息 Generation: 19 
2017-12-10 16:20:53  class:Log.Log info Log.Log 信息     Average Fitness: 0.9566666666666677 
2017-12-10 16:20:53  class:Log.Log info Log.Log 信息     Average Mutation Probability: 0.38658597884627705 
2017-12-10 16:20:53  class:Log.Log info Log.Log 信息 Generation: 20 
2017-12-10 16:20:53  class:Log.Log info Log.Log 信息     Average Fitness: 0.9601666666666676 
2017-12-10 16:20:53  class:Log.Log info Log.Log 信息     Average Mutation Probability: 0.38658597884627705 
2017-12-10 16:20:53  class:Log.Log info Log.Log 信息 Generation: 21 
2017-12-10 16:20:53  class:Log.Log info Log.Log 信息     Average Fitness: 0.9591666666666674 
2017-12-10 16:20:53  class:Log.Log info Log.Log 信息     Average Mutation Probability: 0.38658597884627705 
2017-12-10 16:20:53  class:Log.Log info Log.Log 信息 Generation: 22 
2017-12-10 16:20:53  class:Log.Log info Log.Log 信息     Average Fitness: 0.9621666666666677 
2017-12-10 16:20:53  class:Log.Log info Log.Log 信息     Average Mutation Probability: 0.38658597884627705 
2017-12-10 16:20:53  class:Log.Log info Log.Log 信息 Generation: 23 
2017-12-10 16:20:53  class:Log.Log info Log.Log 信息     Average Fitness: 0.9736666666666676 
2017-12-10 16:20:53  class:Log.Log info Log.Log 信息     Average Mutation Probability: 0.38658597884627705 
2017-12-10 16:20:53  class:Log.Log info Log.Log 信息 Generation: 24 
2017-12-10 16:20:53  class:Log.Log info Log.Log 信息     Average Fitness: 0.9763333333333342 
2017-12-10 16:20:53  class:Log.Log info Log.Log 信息     Average Mutation Probability: 0.38658597884627705 
2017-12-10 16:20:53  class:Log.Log info Log.Log 信息 Generation: 25 
2017-12-10 16:20:53  class:Log.Log info Log.Log 信息     Average Fitness: 0.9741666666666674 
2017-12-10 16:20:53  class:Log.Log info Log.Log 信息     Average Mutation Probability: 0.38658597884627705 
2017-12-10 16:20:53  class:Log.Log info Log.Log 信息 Generation: 26 
2017-12-10 16:20:53  class:Log.Log info Log.Log 信息     Average Fitness: 0.9751666666666674 
2017-12-10 16:20:53  class:Log.Log info Log.Log 信息     Average Mutation Probability: 0.38658597884627705 
2017-12-10 16:20:53  class:Log.Log info Log.Log 信息 Generation: 27 
2017-12-10 16:20:53  class:Log.Log info Log.Log 信息     Average Fitness: 0.9751666666666676 
2017-12-10 16:20:53  class:Log.Log info Log.Log 信息     Average Mutation Probability: 0.38658597884627705 
2017-12-10 16:20:53  class:Log.Log info Log.Log 信息 Generation: 28 
2017-12-10 16:20:53  class:Log.Log info Log.Log 信息     Average Fitness: 0.9738333333333341 
2017-12-10 16:20:53  class:Log.Log info Log.Log 信息     Average Mutation Probability: 0.38658597884627705 
2017-12-10 16:20:53  class:Log.Log info Log.Log 信息 Generation: 29 
2017-12-10 16:20:53  class:Log.Log info Log.Log 信息     Average Fitness: 0.9731666666666675 
2017-12-10 16:20:53  class:Log.Log info Log.Log 信息     Average Mutation Probability: 0.38658597884627705 
2017-12-10 16:20:53  class:Log.Log info Log.Log 信息 Generation: 30 
2017-12-10 16:20:53  class:Log.Log info Log.Log 信息     Average Fitness: 0.9745000000000009 
2017-12-10 16:20:53  class:Log.Log info Log.Log 信息     Average Mutation Probability: 0.38658597884627705 
2017-12-10 16:20:53  class:Log.Log info Log.Log 信息 Generation: 31 
2017-12-10 16:20:53  class:Log.Log info Log.Log 信息     Average Fitness: 0.9746666666666676 
2017-12-10 16:20:53  class:Log.Log info Log.Log 信息     Average Mutation Probability: 0.38658597884627705 
2017-12-10 16:20:53  class:Log.Log info Log.Log 信息 Generation: 32 
2017-12-10 16:20:53  class:Log.Log info Log.Log 信息     Average Fitness: 0.9758333333333341 
2017-12-10 16:20:53  class:Log.Log info Log.Log 信息     Average Mutation Probability: 0.38658597884627705 
2017-12-10 16:20:53  class:Log.Log info Log.Log 信息 Generation: 33 
2017-12-10 16:20:53  class:Log.Log info Log.Log 信息     Average Fitness: 0.9761666666666674 
2017-12-10 16:20:53  class:Log.Log info Log.Log 信息     Average Mutation Probability: 0.38658597884627705 
2017-12-10 16:20:53  class:Log.Log info Log.Log 信息 Generation: 34 
2017-12-10 16:20:53  class:Log.Log info Log.Log 信息     Average Fitness: 0.9758333333333343 
2017-12-10 16:20:53  class:Log.Log info Log.Log 信息     Average Mutation Probability: 0.38658597884627705 
2017-12-10 16:20:53  class:Log.Log info Log.Log 信息 Generation: 35 
2017-12-10 16:20:53  class:Log.Log info Log.Log 信息     Average Fitness: 0.9740000000000008 
2017-12-10 16:20:53  class:Log.Log info Log.Log 信息     Average Mutation Probability: 0.38658597884627705 
2017-12-10 16:20:53  class:Log.Log info Log.Log 信息 
Solution Found! 
2017-12-10 16:20:53  class:Log.Log info Log.Log 信息 
-------------------------Monday:------------------------------------ 
2017-12-10 16:20:53  class:Log.Log info Log.Log 信息 Course Class: Cloud Computing - Session 1
    Time: 16:00 - 19:00
    Location: Room 3
    Student Count: 90
    Room Capacity: 200
 
2017-12-10 16:20:53  class:Log.Log info Log.Log 信息 Course Class: Linear Algebra - Session 2
    Time: 12:00 - 15:00
    Location: Room 3
    Student Count: 150
    Room Capacity: 200
 
2017-12-10 16:20:53  class:Log.Log info Log.Log 信息 Course Class: Web Design
    Time: 8:00 - 11:00
    Location: Room 2
    Student Count: 80
    Room Capacity: 80
 
2017-12-10 16:20:53  class:Log.Log info Log.Log 信息 -------------------------Tuseday:------------------------------------- 
2017-12-10 16:20:53  class:Log.Log info Log.Log 信息 Course Class: Application Engineering Development - session2
    Time: 18:00 - 21:00
    Location: Room 3
    Student Count: 200
    Room Capacity: 200
 
2017-12-10 16:20:53  class:Log.Log info Log.Log 信息 Course Class: Advanced Mathematics - Session 1
    Time: 12:00 - 15:00
    Location: Room 3
    Student Count: 150
    Room Capacity: 200
 
2017-12-10 16:20:53  class:Log.Log info Log.Log 信息 Course Class: Algorithm
    Time: 9:00 - 11:00
    Location: Room 3
    Student Count: 50
    Room Capacity: 200
 
2017-12-10 16:20:53  class:Log.Log info Log.Log 信息 -------------------------Wednesday:----------------------------------- 
2017-12-10 16:20:53  class:Log.Log info Log.Log 信息 Course Class: Application Engineering Development - session1
    Time: 12:00 - 15:00
    Location: Room 3
    Student Count: 200
    Room Capacity: 200
 
2017-12-10 16:20:53  class:Log.Log info Log.Log 信息 Course Class: Business Analysis and Information Engineering
    Time: 10:00 - 12:00
    Location: Room 3
    Student Count: 100
    Room Capacity: 200
 
2017-12-10 16:20:53  class:Log.Log info Log.Log 信息 Course Class: User Experience Design
    Time: 17:00 - 19:00
    Location: Room 3
    Student Count: 90
    Room Capacity: 200
 
2017-12-10 16:20:53  class:Log.Log info Log.Log 信息 Course Class: SmartPhone Application Development
    Time: 13:00 - 15:00
    Location: Room 1
    Student Count: 50
    Room Capacity: 60
 
2017-12-10 16:20:53  class:Log.Log info Log.Log 信息 -------------------------Thursday:------------------------------------ 
2017-12-10 16:20:53  class:Log.Log info Log.Log 信息 Course Class: Database
    Time: 17:00 - 20:00
    Location: Room 2
    Student Count: 80
    Room Capacity: 80
 
2017-12-10 16:20:53  class:Log.Log info Log.Log 信息 Course Class: Web Tools
    Time: 14:00 - 17:00
    Location: Room 3
    Student Count: 60
    Room Capacity: 200
 
2017-12-10 16:20:53  class:Log.Log info Log.Log 信息 Course Class: Data Warehousing and Business Intelligence
    Time: 8:00 - 11:00
    Location: Room 3
    Student Count: 100
    Room Capacity: 200
 
2017-12-10 16:20:53  class:Log.Log info Log.Log 信息 Course Class: Advanced Mathematics - Session 2
    Time: 18:00 - 21:00
    Location: Room 3
    Student Count: 150
    Room Capacity: 200
 
2017-12-10 16:20:53  class:Log.Log info Log.Log 信息 Course Class: Linear Algebra - Session 1
    Time: 11:00 - 14:00
    Location: Room 3
    Student Count: 150
    Room Capacity: 200
 
2017-12-10 16:20:53  class:Log.Log info Log.Log 信息 -------------------------Friday:-------------------------------------- 
2017-12-10 16:20:53  class:Log.Log info Log.Log 信息 Course Class: Cloud Computing - Session 2
    Time: 18:00 - 21:00
    Location: Room 3
    Student Count: 90
    Room Capacity: 200
 
2017-12-10 16:20:53  class:Log.Log info Log.Log 信息 Course Class: Object-Oriented Design
    Time: 16:00 - 19:00
    Location: Room 3
    Student Count: 100
    Room Capacity: 200
 
2017-12-10 16:20:53  class:Log.Log info Log.Log 信息 Course Class: Software Quality Control
    Time: 18:00 - 21:00
    Location: Room 3
    Student Count: 50
    Room Capacity: 200
 
2017-12-10 16:20:53  class:Log.Log info Log.Log 信息 Course Class: Concurrent and Parallel Programming
    Time: 8:00 - 11:00
    Location: Room 2
    Student Count: 60
    Room Capacity: 80
 
2017-12-10 16:20:53  class:Log.Log info Log.Log 信息 Course Class: Big Data
    Time: 9:00 - 11:00
    Location: Room 3
    Student Count: 60
    Room Capacity: 200
 
