2017-12-10 16:20:54  class:Log.Log info Log.Log 信息 Generation: 0 
2017-12-10 16:20:54  class:Log.Log info Log.Log 信息     Average Fitness: 0.7016666666666667 
2017-12-10 16:20:54  class:Log.Log info Log.Log 信息     Average Mutation Probability: 0.393636099857163 
2017-12-10 16:20:54  class:Log.Log info Log.Log 信息 Generation: 1 
2017-12-10 16:20:54  class:Log.Log info Log.Log 信息     Average Fitness: 0.7721666666666667 
2017-12-10 16:20:54  class:Log.Log info Log.Log 信息     Average Mutation Probability: 0.3594382833014575 
2017-12-10 16:20:54  class:Log.Log info Log.Log 信息 Generation: 2 
2017-12-10 16:20:54  class:Log.Log info Log.Log 信息     Average Fitness: 0.8164999999999997 
2017-12-10 16:20:54  class:Log.Log info Log.Log 信息     Average Mutation Probability: 0.3647291959536472 
2017-12-10 16:20:54  class:Log.Log info Log.Log 信息 Generation: 3 
2017-12-10 16:20:54  class:Log.Log info Log.Log 信息     Average Fitness: 0.8461666666666658 
2017-12-10 16:20:54  class:Log.Log info Log.Log 信息     Average Mutation Probability: 0.35157587772067006 
2017-12-10 16:20:54  class:Log.Log info Log.Log 信息 Generation: 4 
2017-12-10 16:20:54  class:Log.Log info Log.Log 信息     Average Fitness: 0.8748333333333338 
2017-12-10 16:20:54  class:Log.Log info Log.Log 信息     Average Mutation Probability: 0.3569506959347445 
2017-12-10 16:20:54  class:Log.Log info Log.Log 信息 Generation: 5 
2017-12-10 16:20:54  class:Log.Log info Log.Log 信息     Average Fitness: 0.8888333333333338 
2017-12-10 16:20:54  class:Log.Log info Log.Log 信息     Average Mutation Probability: 0.361224438117843 
2017-12-10 16:20:54  class:Log.Log info Log.Log 信息 Generation: 6 
2017-12-10 16:20:54  class:Log.Log info Log.Log 信息     Average Fitness: 0.9030000000000004 
2017-12-10 16:20:54  class:Log.Log info Log.Log 信息     Average Mutation Probability: 0.35997419708849554 
2017-12-10 16:20:54  class:Log.Log info Log.Log 信息 Generation: 7 
2017-12-10 16:20:54  class:Log.Log info Log.Log 信息     Average Fitness: 0.9211666666666671 
2017-12-10 16:20:54  class:Log.Log info Log.Log 信息     Average Mutation Probability: 0.3590833843327166 
2017-12-10 16:20:54  class:Log.Log info Log.Log 信息 Generation: 8 
2017-12-10 16:20:54  class:Log.Log info Log.Log 信息     Average Fitness: 0.9415000000000014 
2017-12-10 16:20:54  class:Log.Log info Log.Log 信息     Average Mutation Probability: 0.3594509320943746 
2017-12-10 16:20:54  class:Log.Log info Log.Log 信息 Generation: 9 
2017-12-10 16:20:54  class:Log.Log info Log.Log 信息     Average Fitness: 0.959000000000001 
2017-12-10 16:20:54  class:Log.Log info Log.Log 信息     Average Mutation Probability: 0.3596387045096746 
2017-12-10 16:20:54  class:Log.Log info Log.Log 信息 Generation: 10 
2017-12-10 16:20:54  class:Log.Log info Log.Log 信息     Average Fitness: 0.9761666666666676 
2017-12-10 16:20:54  class:Log.Log info Log.Log 信息     Average Mutation Probability: 0.3595478947501885 
2017-12-10 16:20:54  class:Log.Log info Log.Log 信息 Generation: 11 
2017-12-10 16:20:54  class:Log.Log info Log.Log 信息     Average Fitness: 0.9771666666666674 
2017-12-10 16:20:54  class:Log.Log info Log.Log 信息     Average Mutation Probability: 0.35929851025380644 
2017-12-10 16:20:54  class:Log.Log info Log.Log 信息 Generation: 12 
2017-12-10 16:20:54  class:Log.Log info Log.Log 信息     Average Fitness: 0.9730000000000006 
2017-12-10 16:20:54  class:Log.Log info Log.Log 信息     Average Mutation Probability: 0.35915603922755357 
2017-12-10 16:20:54  class:Log.Log info Log.Log 信息 Generation: 13 
2017-12-10 16:20:54  class:Log.Log info Log.Log 信息     Average Fitness: 0.9753333333333342 
2017-12-10 16:20:54  class:Log.Log info Log.Log 信息     Average Mutation Probability: 0.35910608079754225 
2017-12-10 16:20:54  class:Log.Log info Log.Log 信息 Generation: 14 
2017-12-10 16:20:54  class:Log.Log info Log.Log 信息     Average Fitness: 0.9753333333333342 
2017-12-10 16:20:54  class:Log.Log info Log.Log 信息     Average Mutation Probability: 0.35902638299485645 
2017-12-10 16:20:54  class:Log.Log info Log.Log 信息 Generation: 15 
2017-12-10 16:20:54  class:Log.Log info Log.Log 信息     Average Fitness: 0.9766666666666672 
2017-12-10 16:20:54  class:Log.Log info Log.Log 信息     Average Mutation Probability: 0.3590256737465559 
2017-12-10 16:20:54  class:Log.Log info Log.Log 信息 Generation: 16 
2017-12-10 16:20:54  class:Log.Log info Log.Log 信息     Average Fitness: 0.9735000000000009 
2017-12-10 16:20:54  class:Log.Log info Log.Log 信息     Average Mutation Probability: 0.3590448703781219 
2017-12-10 16:20:54  class:Log.Log info Log.Log 信息 Generation: 17 
2017-12-10 16:20:54  class:Log.Log info Log.Log 信息     Average Fitness: 0.9746666666666673 
2017-12-10 16:20:54  class:Log.Log info Log.Log 信息     Average Mutation Probability: 0.35903763315734394 
2017-12-10 16:20:54  class:Log.Log info Log.Log 信息 Generation: 18 
2017-12-10 16:20:54  class:Log.Log info Log.Log 信息     Average Fitness: 0.9736666666666675 
2017-12-10 16:20:54  class:Log.Log info Log.Log 信息     Average Mutation Probability: 0.3590268900217704 
2017-12-10 16:20:54  class:Log.Log info Log.Log 信息 Generation: 19 
2017-12-10 16:20:54  class:Log.Log info Log.Log 信息     Average Fitness: 0.9761666666666674 
2017-12-10 16:20:54  class:Log.Log info Log.Log 信息     Average Mutation Probability: 0.3590228292293147 
2017-12-10 16:20:54  class:Log.Log info Log.Log 信息 Generation: 20 
2017-12-10 16:20:54  class:Log.Log info Log.Log 信息     Average Fitness: 0.9771666666666675 
2017-12-10 16:20:54  class:Log.Log info Log.Log 信息     Average Mutation Probability: 0.35902770088912317 
2017-12-10 16:20:54  class:Log.Log info Log.Log 信息 Generation: 21 
2017-12-10 16:20:54  class:Log.Log info Log.Log 信息     Average Fitness: 0.974333333333334 
2017-12-10 16:20:54  class:Log.Log info Log.Log 信息     Average Mutation Probability: 0.3590263189899897 
2017-12-10 16:20:54  class:Log.Log info Log.Log 信息 Generation: 22 
2017-12-10 16:20:54  class:Log.Log info Log.Log 信息     Average Fitness: 0.9750000000000008 
2017-12-10 16:20:54  class:Log.Log info Log.Log 信息     Average Mutation Probability: 0.35902665789018506 
2017-12-10 16:20:54  class:Log.Log info Log.Log 信息 Generation: 23 
2017-12-10 16:20:54  class:Log.Log info Log.Log 信息     Average Fitness: 0.9755000000000007 
2017-12-10 16:20:54  class:Log.Log info Log.Log 信息     Average Mutation Probability: 0.3590266787861654 
2017-12-10 16:20:54  class:Log.Log info Log.Log 信息 Generation: 24 
2017-12-10 16:20:54  class:Log.Log info Log.Log 信息     Average Fitness: 0.9766666666666675 
2017-12-10 16:20:54  class:Log.Log info Log.Log 信息     Average Mutation Probability: 0.35902661037068456 
2017-12-10 16:20:54  class:Log.Log info Log.Log 信息 Generation: 25 
2017-12-10 16:20:54  class:Log.Log info Log.Log 信息     Average Fitness: 0.9745000000000007 
2017-12-10 16:20:54  class:Log.Log info Log.Log 信息     Average Mutation Probability: 0.35902647943918503 
2017-12-10 16:20:54  class:Log.Log info Log.Log 信息 Generation: 26 
2017-12-10 16:20:54  class:Log.Log info Log.Log 信息     Average Fitness: 0.9733333333333343 
2017-12-10 16:20:54  class:Log.Log info Log.Log 信息     Average Mutation Probability: 0.35902644871529765 
2017-12-10 16:20:54  class:Log.Log info Log.Log 信息 Generation: 27 
2017-12-10 16:20:54  class:Log.Log info Log.Log 信息     Average Fitness: 0.9765000000000008 
2017-12-10 16:20:54  class:Log.Log info Log.Log 信息     Average Mutation Probability: 0.35902645525824567 
2017-12-10 16:20:54  class:Log.Log info Log.Log 信息 Generation: 28 
2017-12-10 16:20:54  class:Log.Log info Log.Log 信息     Average Fitness: 0.9738333333333342 
2017-12-10 16:20:54  class:Log.Log info Log.Log 信息     Average Mutation Probability: 0.3590264873617987 
2017-12-10 16:20:54  class:Log.Log info Log.Log 信息 Generation: 29 
2017-12-10 16:20:54  class:Log.Log info Log.Log 信息     Average Fitness: 0.9740000000000009 
2017-12-10 16:20:54  class:Log.Log info Log.Log 信息     Average Mutation Probability: 0.35902649913416773 
2017-12-10 16:20:54  class:Log.Log info Log.Log 信息 
Solution Found! 
2017-12-10 16:20:54  class:Log.Log info Log.Log 信息 
-------------------------Monday:------------------------------------ 
2017-12-10 16:20:54  class:Log.Log info Log.Log 信息 Course Class: Cloud Computing - Session 2
    Time: 11:00 - 14:00
    Location: Room 3
    Student Count: 90
    Room Capacity: 200
 
2017-12-10 16:20:54  class:Log.Log info Log.Log 信息 Course Class: Advanced Mathematics - Session 2
    Time: 18:00 - 21:00
    Location: Room 3
    Student Count: 150
    Room Capacity: 200
 
2017-12-10 16:20:54  class:Log.Log info Log.Log 信息 Course Class: Algorithm
    Time: 14:00 - 16:00
    Location: Room 1
    Student Count: 50
    Room Capacity: 60
 
2017-12-10 16:20:54  class:Log.Log info Log.Log 信息 Course Class: Big Data
    Time: 9:00 - 11:00
    Location: Room 1
    Student Count: 60
    Room Capacity: 60
 
2017-12-10 16:20:54  class:Log.Log info Log.Log 信息 -------------------------Tuseday:------------------------------------- 
2017-12-10 16:20:54  class:Log.Log info Log.Log 信息 Course Class: Cloud Computing - Session 1
    Time: 10:00 - 13:00
    Location: Room 3
    Student Count: 90
    Room Capacity: 200
 
2017-12-10 16:20:54  class:Log.Log info Log.Log 信息 Course Class: Application Engineering Development - session2
    Time: 18:00 - 21:00
    Location: Room 3
    Student Count: 200
    Room Capacity: 200
 
2017-12-10 16:20:54  class:Log.Log info Log.Log 信息 Course Class: Advanced Mathematics - Session 1
    Time: 15:00 - 18:00
    Location: Room 3
    Student Count: 150
    Room Capacity: 200
 
2017-12-10 16:20:54  class:Log.Log info Log.Log 信息 -------------------------Wednesday:----------------------------------- 
2017-12-10 16:20:54  class:Log.Log info Log.Log 信息 Course Class: Application Engineering Development - session1
    Time: 8:00 - 11:00
    Location: Room 3
    Student Count: 200
    Room Capacity: 200
 
2017-12-10 16:20:54  class:Log.Log info Log.Log 信息 Course Class: Data Warehousing and Business Intelligence
    Time: 15:00 - 18:00
    Location: Room 3
    Student Count: 100
    Room Capacity: 200
 
2017-12-10 16:20:54  class:Log.Log info Log.Log 信息 Course Class: Software Quality Control
    Time: 11:00 - 14:00
    Location: Room 3
    Student Count: 50
    Room Capacity: 200
 
2017-12-10 16:20:54  class:Log.Log info Log.Log 信息 Course Class: Concurrent and Parallel Programming
    Time: 8:00 - 11:00
    Location: Room 2
    Student Count: 60
    Room Capacity: 80
 
2017-12-10 16:20:54  class:Log.Log info Log.Log 信息 Course Class: SmartPhone Application Development
    Time: 13:00 - 15:00
    Location: Room 2
    Student Count: 50
    Room Capacity: 80
 
2017-12-10 16:20:54  class:Log.Log info Log.Log 信息 -------------------------Thursday:------------------------------------ 
2017-12-10 16:20:54  class:Log.Log info Log.Log 信息 Course Class: Object-Oriented Design
    Time: 12:00 - 15:00
    Location: Room 3
    Student Count: 100
    Room Capacity: 200
 
2017-12-10 16:20:54  class:Log.Log info Log.Log 信息 Course Class: Web Design
    Time: 15:00 - 18:00
    Location: Room 2
    Student Count: 80
    Room Capacity: 80
 
2017-12-10 16:20:54  class:Log.Log info Log.Log 信息 Course Class: User Experience Design
    Time: 16:00 - 18:00
    Location: Room 3
    Student Count: 90
    Room Capacity: 200
 
2017-12-10 16:20:54  class:Log.Log info Log.Log 信息 -------------------------Friday:-------------------------------------- 
2017-12-10 16:20:54  class:Log.Log info Log.Log 信息 Course Class: Database
    Time: 10:00 - 13:00
    Location: Room 2
    Student Count: 80
    Room Capacity: 80
 
2017-12-10 16:20:54  class:Log.Log info Log.Log 信息 Course Class: Web Tools
    Time: 10:00 - 13:00
    Location: Room 1
    Student Count: 60
    Room Capacity: 60
 
2017-12-10 16:20:54  class:Log.Log info Log.Log 信息 Course Class: Linear Algebra - Session 2
    Time: 17:00 - 20:00
    Location: Room 3
    Student Count: 150
    Room Capacity: 200
 
2017-12-10 16:20:54  class:Log.Log info Log.Log 信息 Course Class: Linear Algebra - Session 1
    Time: 13:00 - 16:00
    Location: Room 3
    Student Count: 150
    Room Capacity: 200
 
2017-12-10 16:20:54  class:Log.Log info Log.Log 信息 Course Class: Business Analysis and Information Engineering
    Time: 10:00 - 12:00
    Location: Room 3
    Student Count: 100
    Room Capacity: 200
 
