2017-12-10 14:02:44  class:Log.Log info Log.Log 信息 Generation: 0 
2017-12-10 14:02:44  class:Log.Log info Log.Log 信息     Average Fitness: 0.6894999999999999 
2017-12-10 14:02:44  class:Log.Log info Log.Log 信息     Average Mutation Probability: 0.3964849415893495 
2017-12-10 14:02:44  class:Log.Log info Log.Log 信息 Generation: 1 
2017-12-10 14:02:44  class:Log.Log info Log.Log 信息     Average Fitness: 0.7874999999999998 
2017-12-10 14:02:44  class:Log.Log info Log.Log 信息     Average Mutation Probability: 0.40511401028531124 
2017-12-10 14:02:44  class:Log.Log info Log.Log 信息 Generation: 2 
2017-12-10 14:02:44  class:Log.Log info Log.Log 信息     Average Fitness: 0.8279999999999995 
2017-12-10 14:02:44  class:Log.Log info Log.Log 信息     Average Mutation Probability: 0.4124200256862192 
2017-12-10 14:02:44  class:Log.Log info Log.Log 信息 Generation: 3 
2017-12-10 14:02:44  class:Log.Log info Log.Log 信息     Average Fitness: 0.8469999999999992 
2017-12-10 14:02:44  class:Log.Log info Log.Log 信息     Average Mutation Probability: 0.4163441124065487 
2017-12-10 14:02:44  class:Log.Log info Log.Log 信息 Generation: 4 
2017-12-10 14:02:44  class:Log.Log info Log.Log 信息     Average Fitness: 0.8556666666666668 
2017-12-10 14:02:44  class:Log.Log info Log.Log 信息     Average Mutation Probability: 0.4163380393296038 
2017-12-10 14:02:44  class:Log.Log info Log.Log 信息 Generation: 5 
2017-12-10 14:02:44  class:Log.Log info Log.Log 信息     Average Fitness: 0.8673333333333332 
2017-12-10 14:02:44  class:Log.Log info Log.Log 信息     Average Mutation Probability: 0.415669247200962 
2017-12-10 14:02:44  class:Log.Log info Log.Log 信息 Generation: 6 
2017-12-10 14:02:44  class:Log.Log info Log.Log 信息     Average Fitness: 0.8925000000000007 
2017-12-10 14:02:44  class:Log.Log info Log.Log 信息     Average Mutation Probability: 0.41270307759477143 
2017-12-10 14:02:44  class:Log.Log info Log.Log 信息 Generation: 7 
2017-12-10 14:02:44  class:Log.Log info Log.Log 信息     Average Fitness: 0.904 
2017-12-10 14:02:44  class:Log.Log info Log.Log 信息     Average Mutation Probability: 0.41260966039806457 
2017-12-10 14:02:44  class:Log.Log info Log.Log 信息 Generation: 8 
2017-12-10 14:02:44  class:Log.Log info Log.Log 信息     Average Fitness: 0.9403333333333345 
2017-12-10 14:02:44  class:Log.Log info Log.Log 信息     Average Mutation Probability: 0.41082263101034255 
2017-12-10 14:02:44  class:Log.Log info Log.Log 信息 Generation: 9 
2017-12-10 14:02:44  class:Log.Log info Log.Log 信息     Average Fitness: 0.9440000000000013 
2017-12-10 14:02:44  class:Log.Log info Log.Log 信息     Average Mutation Probability: 0.4109463735175288 
2017-12-10 14:02:44  class:Log.Log info Log.Log 信息 Generation: 10 
2017-12-10 14:02:44  class:Log.Log info Log.Log 信息     Average Fitness: 0.9570000000000012 
2017-12-10 14:02:44  class:Log.Log info Log.Log 信息     Average Mutation Probability: 0.41104283162062916 
2017-12-10 14:02:44  class:Log.Log info Log.Log 信息 Generation: 11 
2017-12-10 14:02:44  class:Log.Log info Log.Log 信息     Average Fitness: 0.9586666666666676 
2017-12-10 14:02:44  class:Log.Log info Log.Log 信息     Average Mutation Probability: 0.41104989068334596 
2017-12-10 14:02:44  class:Log.Log info Log.Log 信息 Generation: 12 
2017-12-10 14:02:44  class:Log.Log info Log.Log 信息     Average Fitness: 0.9708333333333341 
2017-12-10 14:02:44  class:Log.Log info Log.Log 信息     Average Mutation Probability: 0.41111616640368837 
2017-12-10 14:02:44  class:Log.Log info Log.Log 信息 Generation: 13 
2017-12-10 14:02:44  class:Log.Log info Log.Log 信息     Average Fitness: 0.9740000000000009 
2017-12-10 14:02:44  class:Log.Log info Log.Log 信息     Average Mutation Probability: 0.41112576743093965 
2017-12-10 14:02:44  class:Log.Log info Log.Log 信息 Generation: 14 
2017-12-10 14:02:44  class:Log.Log info Log.Log 信息     Average Fitness: 0.9698333333333342 
2017-12-10 14:02:44  class:Log.Log info Log.Log 信息     Average Mutation Probability: 0.4111272424030786 
2017-12-10 14:02:44  class:Log.Log info Log.Log 信息 Generation: 15 
2017-12-10 14:02:44  class:Log.Log info Log.Log 信息     Average Fitness: 0.9730000000000006 
2017-12-10 14:02:44  class:Log.Log info Log.Log 信息     Average Mutation Probability: 0.4111316969389835 
2017-12-10 14:02:44  class:Log.Log info Log.Log 信息 
Solution Found! 
2017-12-10 14:02:44  class:Log.Log info Log.Log 信息 
-------------------------Monday:------------------------------------ 
2017-12-10 14:02:44  class:Log.Log info Log.Log 信息 Course Class: Application Engineering Development - session1
    Time: 9:00 - 12:00
    Location: Room 3
    Student Count: 200
    Room Capacity: 200
 
2017-12-10 14:02:44  class:Log.Log info Log.Log 信息 Course Class: Business Analysis and Information Engineering
    Time: 19:00 - 21:00
    Location: Room 3
    Student Count: 100
    Room Capacity: 200
 
2017-12-10 14:02:44  class:Log.Log info Log.Log 信息 -------------------------Tuseday:------------------------------------- 
2017-12-10 14:02:44  class:Log.Log info Log.Log 信息 Course Class: Database
    Time: 9:00 - 12:00
    Location: Room 2
    Student Count: 80
    Room Capacity: 80
 
2017-12-10 14:02:44  class:Log.Log info Log.Log 信息 Course Class: Advanced Mathematics - Session 1
    Time: 12:00 - 15:00
    Location: Room 3
    Student Count: 150
    Room Capacity: 200
 
2017-12-10 14:02:44  class:Log.Log info Log.Log 信息 Course Class: Object-Oriented Design
    Time: 15:00 - 18:00
    Location: Room 3
    Student Count: 100
    Room Capacity: 200
 
2017-12-10 14:02:44  class:Log.Log info Log.Log 信息 Course Class: Linear Algebra - Session 1
    Time: 8:00 - 11:00
    Location: Room 3
    Student Count: 150
    Room Capacity: 200
 
2017-12-10 14:02:44  class:Log.Log info Log.Log 信息 Course Class: Concurrent and Parallel Programming
    Time: 14:00 - 17:00
    Location: Room 1
    Student Count: 60
    Room Capacity: 60
 
2017-12-10 14:02:44  class:Log.Log info Log.Log 信息 -------------------------Wednesday:----------------------------------- 
2017-12-10 14:02:44  class:Log.Log info Log.Log 信息 Course Class: Cloud Computing - Session 2
    Time: 16:00 - 19:00
    Location: Room 3
    Student Count: 90
    Room Capacity: 200
 
2017-12-10 14:02:44  class:Log.Log info Log.Log 信息 Course Class: Linear Algebra - Session 2
    Time: 8:00 - 11:00
    Location: Room 3
    Student Count: 150
    Room Capacity: 200
 
2017-12-10 14:02:44  class:Log.Log info Log.Log 信息 Course Class: Advanced Mathematics - Session 2
    Time: 12:00 - 15:00
    Location: Room 3
    Student Count: 150
    Room Capacity: 200
 
2017-12-10 14:02:44  class:Log.Log info Log.Log 信息 Course Class: SmartPhone Application Development
    Time: 10:00 - 12:00
    Location: Room 2
    Student Count: 50
    Room Capacity: 80
 
2017-12-10 14:02:44  class:Log.Log info Log.Log 信息 -------------------------Thursday:------------------------------------ 
2017-12-10 14:02:44  class:Log.Log info Log.Log 信息 Course Class: Cloud Computing - Session 1
    Time: 13:00 - 16:00
    Location: Room 3
    Student Count: 90
    Room Capacity: 200
 
2017-12-10 14:02:44  class:Log.Log info Log.Log 信息 Course Class: Web Tools
    Time: 8:00 - 11:00
    Location: Room 2
    Student Count: 60
    Room Capacity: 80
 
2017-12-10 14:02:44  class:Log.Log info Log.Log 信息 Course Class: Data Warehousing and Business Intelligence
    Time: 9:00 - 12:00
    Location: Room 3
    Student Count: 100
    Room Capacity: 200
 
2017-12-10 14:02:44  class:Log.Log info Log.Log 信息 Course Class: Application Engineering Development - session2
    Time: 18:00 - 21:00
    Location: Room 3
    Student Count: 200
    Room Capacity: 200
 
2017-12-10 14:02:44  class:Log.Log info Log.Log 信息 Course Class: Algorithm
    Time: 12:00 - 14:00
    Location: Room 1
    Student Count: 50
    Room Capacity: 60
 
2017-12-10 14:02:44  class:Log.Log info Log.Log 信息 Course Class: Web Design
    Time: 13:00 - 16:00
    Location: Room 2
    Student Count: 80
    Room Capacity: 80
 
2017-12-10 14:02:44  class:Log.Log info Log.Log 信息 Course Class: Software Quality Control
    Time: 17:00 - 20:00
    Location: Room 1
    Student Count: 50
    Room Capacity: 60
 
2017-12-10 14:02:44  class:Log.Log info Log.Log 信息 Course Class: Big Data
    Time: 15:00 - 17:00
    Location: Room 1
    Student Count: 60
    Room Capacity: 60
 
2017-12-10 14:02:44  class:Log.Log info Log.Log 信息 -------------------------Friday:-------------------------------------- 
2017-12-10 14:02:44  class:Log.Log info Log.Log 信息 Course Class: User Experience Design
    Time: 14:00 - 16:00
    Location: Room 3
    Student Count: 90
    Room Capacity: 200
 
