2017-12-10 16:20:51  class:Log.Log info Log.Log 信息 Generation: 0 
2017-12-10 16:20:51  class:Log.Log info Log.Log 信息     Average Fitness: 0.6886666666666666 
2017-12-10 16:20:51  class:Log.Log info Log.Log 信息     Average Mutation Probability: 0.39637401306740344 
2017-12-10 16:20:51  class:Log.Log info Log.Log 信息 Generation: 1 
2017-12-10 16:20:51  class:Log.Log info Log.Log 信息     Average Fitness: 0.7756666666666665 
2017-12-10 16:20:51  class:Log.Log info Log.Log 信息     Average Mutation Probability: 0.38753116381850433 
2017-12-10 16:20:51  class:Log.Log info Log.Log 信息 Generation: 2 
2017-12-10 16:20:51  class:Log.Log info Log.Log 信息     Average Fitness: 0.8144999999999996 
2017-12-10 16:20:51  class:Log.Log info Log.Log 信息     Average Mutation Probability: 0.39070399316335946 
2017-12-10 16:20:51  class:Log.Log info Log.Log 信息 Generation: 3 
2017-12-10 16:20:51  class:Log.Log info Log.Log 信息     Average Fitness: 0.8409999999999995 
2017-12-10 16:20:51  class:Log.Log info Log.Log 信息     Average Mutation Probability: 0.37890988909669504 
2017-12-10 16:20:51  class:Log.Log info Log.Log 信息 Generation: 4 
2017-12-10 16:20:51  class:Log.Log info Log.Log 信息     Average Fitness: 0.8675 
2017-12-10 16:20:51  class:Log.Log info Log.Log 信息     Average Mutation Probability: 0.3789256051283198 
2017-12-10 16:20:51  class:Log.Log info Log.Log 信息 Generation: 5 
2017-12-10 16:20:51  class:Log.Log info Log.Log 信息     Average Fitness: 0.8780000000000007 
2017-12-10 16:20:51  class:Log.Log info Log.Log 信息     Average Mutation Probability: 0.3797759108503518 
2017-12-10 16:20:51  class:Log.Log info Log.Log 信息 Generation: 6 
2017-12-10 16:20:51  class:Log.Log info Log.Log 信息     Average Fitness: 0.8890000000000002 
2017-12-10 16:20:51  class:Log.Log info Log.Log 信息     Average Mutation Probability: 0.3801691541418726 
2017-12-10 16:20:51  class:Log.Log info Log.Log 信息 Generation: 7 
2017-12-10 16:20:51  class:Log.Log info Log.Log 信息     Average Fitness: 0.9113333333333337 
2017-12-10 16:20:51  class:Log.Log info Log.Log 信息     Average Mutation Probability: 0.37945755844310164 
2017-12-10 16:20:51  class:Log.Log info Log.Log 信息 Generation: 8 
2017-12-10 16:20:51  class:Log.Log info Log.Log 信息     Average Fitness: 0.9263333333333342 
2017-12-10 16:20:51  class:Log.Log info Log.Log 信息     Average Mutation Probability: 0.3791826629443243 
2017-12-10 16:20:51  class:Log.Log info Log.Log 信息 Generation: 9 
2017-12-10 16:20:51  class:Log.Log info Log.Log 信息     Average Fitness: 0.9303333333333341 
2017-12-10 16:20:51  class:Log.Log info Log.Log 信息     Average Mutation Probability: 0.37921846383060787 
2017-12-10 16:20:51  class:Log.Log info Log.Log 信息 Generation: 10 
2017-12-10 16:20:51  class:Log.Log info Log.Log 信息     Average Fitness: 0.9311666666666677 
2017-12-10 16:20:51  class:Log.Log info Log.Log 信息     Average Mutation Probability: 0.37915069830991976 
2017-12-10 16:20:51  class:Log.Log info Log.Log 信息 Generation: 11 
2017-12-10 16:20:51  class:Log.Log info Log.Log 信息     Average Fitness: 0.9330000000000009 
2017-12-10 16:20:51  class:Log.Log info Log.Log 信息     Average Mutation Probability: 0.37911952771988633 
2017-12-10 16:20:51  class:Log.Log info Log.Log 信息 Generation: 12 
2017-12-10 16:20:51  class:Log.Log info Log.Log 信息     Average Fitness: 0.938833333333335 
2017-12-10 16:20:51  class:Log.Log info Log.Log 信息     Average Mutation Probability: 0.3791067388949594 
2017-12-10 16:20:52  class:Log.Log info Log.Log 信息 Generation: 13 
2017-12-10 16:20:52  class:Log.Log info Log.Log 信息     Average Fitness: 0.9386666666666678 
2017-12-10 16:20:52  class:Log.Log info Log.Log 信息     Average Mutation Probability: 0.3791154069864788 
2017-12-10 16:20:52  class:Log.Log info Log.Log 信息 Generation: 14 
2017-12-10 16:20:52  class:Log.Log info Log.Log 信息     Average Fitness: 0.9383333333333347 
2017-12-10 16:20:52  class:Log.Log info Log.Log 信息     Average Mutation Probability: 0.37911608418112863 
2017-12-10 16:20:52  class:Log.Log info Log.Log 信息 Generation: 15 
2017-12-10 16:20:52  class:Log.Log info Log.Log 信息     Average Fitness: 0.9566666666666676 
2017-12-10 16:20:52  class:Log.Log info Log.Log 信息     Average Mutation Probability: 0.37911462821263137 
2017-12-10 16:20:52  class:Log.Log info Log.Log 信息 Generation: 16 
2017-12-10 16:20:52  class:Log.Log info Log.Log 信息     Average Fitness: 0.9578333333333344 
2017-12-10 16:20:52  class:Log.Log info Log.Log 信息     Average Mutation Probability: 0.37911505145928737 
2017-12-10 16:20:52  class:Log.Log info Log.Log 信息 Generation: 17 
2017-12-10 16:20:52  class:Log.Log info Log.Log 信息     Average Fitness: 0.9610000000000011 
2017-12-10 16:20:52  class:Log.Log info Log.Log 信息     Average Mutation Probability: 0.3791148144411598 
2017-12-10 16:20:52  class:Log.Log info Log.Log 信息 Generation: 18 
2017-12-10 16:20:52  class:Log.Log info Log.Log 信息     Average Fitness: 0.9746666666666677 
2017-12-10 16:20:52  class:Log.Log info Log.Log 信息     Average Mutation Probability: 0.37911463667756395 
2017-12-10 16:20:52  class:Log.Log info Log.Log 信息 Generation: 19 
2017-12-10 16:20:52  class:Log.Log info Log.Log 信息     Average Fitness: 0.9736666666666675 
2017-12-10 16:20:52  class:Log.Log info Log.Log 信息     Average Mutation Probability: 0.37911463244509797 
2017-12-10 16:20:52  class:Log.Log info Log.Log 信息 Generation: 20 
2017-12-10 16:20:52  class:Log.Log info Log.Log 信息     Average Fitness: 0.972500000000001 
2017-12-10 16:20:52  class:Log.Log info Log.Log 信息     Average Mutation Probability: 0.3791146578398974 
2017-12-10 16:20:52  class:Log.Log info Log.Log 信息 Generation: 21 
2017-12-10 16:20:52  class:Log.Log info Log.Log 信息     Average Fitness: 0.9730000000000006 
2017-12-10 16:20:52  class:Log.Log info Log.Log 信息     Average Mutation Probability: 0.379114623980165 
2017-12-10 16:20:52  class:Log.Log info Log.Log 信息 Generation: 22 
2017-12-10 16:20:52  class:Log.Log info Log.Log 信息     Average Fitness: 0.9733333333333343 
2017-12-10 16:20:52  class:Log.Log info Log.Log 信息     Average Mutation Probability: 0.3791145795392659 
2017-12-10 16:20:52  class:Log.Log info Log.Log 信息 Generation: 23 
2017-12-10 16:20:52  class:Log.Log info Log.Log 信息     Average Fitness: 0.9743333333333343 
2017-12-10 16:20:52  class:Log.Log info Log.Log 信息     Average Mutation Probability: 0.3791145726615074 
2017-12-10 16:20:52  class:Log.Log info Log.Log 信息 Generation: 24 
2017-12-10 16:20:52  class:Log.Log info Log.Log 信息     Average Fitness: 0.9781666666666673 
2017-12-10 16:20:52  class:Log.Log info Log.Log 信息     Average Mutation Probability: 0.37911457319056585 
2017-12-10 16:20:52  class:Log.Log info Log.Log 信息 Generation: 25 
2017-12-10 16:20:52  class:Log.Log info Log.Log 信息     Average Fitness: 0.9753333333333342 
2017-12-10 16:20:52  class:Log.Log info Log.Log 信息     Average Mutation Probability: 0.37911457213244865 
2017-12-10 16:20:52  class:Log.Log info Log.Log 信息 Generation: 26 
2017-12-10 16:20:52  class:Log.Log info Log.Log 信息     Average Fitness: 0.9753333333333342 
2017-12-10 16:20:52  class:Log.Log info Log.Log 信息     Average Mutation Probability: 0.3791145723969783 
2017-12-10 16:20:52  class:Log.Log info Log.Log 信息 
Solution Found! 
2017-12-10 16:20:52  class:Log.Log info Log.Log 信息 
-------------------------Monday:------------------------------------ 
2017-12-10 16:20:52  class:Log.Log info Log.Log 信息 Course Class: Cloud Computing - Session 2
    Time: 8:00 - 11:00
    Location: Room 3
    Student Count: 90
    Room Capacity: 200
 
2017-12-10 16:20:52  class:Log.Log info Log.Log 信息 Course Class: Object-Oriented Design
    Time: 16:00 - 19:00
    Location: Room 3
    Student Count: 100
    Room Capacity: 200
 
2017-12-10 16:20:52  class:Log.Log info Log.Log 信息 Course Class: Software Quality Control
    Time: 11:00 - 14:00
    Location: Room 2
    Student Count: 50
    Room Capacity: 80
 
2017-12-10 16:20:52  class:Log.Log info Log.Log 信息 Course Class: Big Data
    Time: 17:00 - 19:00
    Location: Room 1
    Student Count: 60
    Room Capacity: 60
 
2017-12-10 16:20:52  class:Log.Log info Log.Log 信息 Course Class: User Experience Design
    Time: 12:00 - 14:00
    Location: Room 3
    Student Count: 90
    Room Capacity: 200
 
2017-12-10 16:20:52  class:Log.Log info Log.Log 信息 -------------------------Tuseday:------------------------------------- 
2017-12-10 16:20:52  class:Log.Log info Log.Log 信息 Course Class: Cloud Computing - Session 1
    Time: 14:00 - 17:00
    Location: Room 3
    Student Count: 90
    Room Capacity: 200
 
2017-12-10 16:20:52  class:Log.Log info Log.Log 信息 Course Class: Advanced Mathematics - Session 1
    Time: 9:00 - 12:00
    Location: Room 3
    Student Count: 150
    Room Capacity: 200
 
2017-12-10 16:20:52  class:Log.Log info Log.Log 信息 Course Class: Algorithm
    Time: 14:00 - 16:00
    Location: Room 2
    Student Count: 50
    Room Capacity: 80
 
2017-12-10 16:20:52  class:Log.Log info Log.Log 信息 Course Class: Web Design
    Time: 10:00 - 13:00
    Location: Room 2
    Student Count: 80
    Room Capacity: 80
 
2017-12-10 16:20:52  class:Log.Log info Log.Log 信息 -------------------------Wednesday:----------------------------------- 
2017-12-10 16:20:52  class:Log.Log info Log.Log 信息 Course Class: Application Engineering Development - session1
    Time: 15:00 - 18:00
    Location: Room 3
    Student Count: 200
    Room Capacity: 200
 
2017-12-10 16:20:52  class:Log.Log info Log.Log 信息 Course Class: Data Warehousing and Business Intelligence
    Time: 10:00 - 13:00
    Location: Room 3
    Student Count: 100
    Room Capacity: 200
 
2017-12-10 16:20:52  class:Log.Log info Log.Log 信息 Course Class: Linear Algebra - Session 2
    Time: 18:00 - 21:00
    Location: Room 3
    Student Count: 150
    Room Capacity: 200
 
2017-12-10 16:20:52  class:Log.Log info Log.Log 信息 -------------------------Thursday:------------------------------------ 
2017-12-10 16:20:52  class:Log.Log info Log.Log 信息 Course Class: Application Engineering Development - session2
    Time: 13:00 - 16:00
    Location: Room 3
    Student Count: 200
    Room Capacity: 200
 
2017-12-10 16:20:52  class:Log.Log info Log.Log 信息 Course Class: Advanced Mathematics - Session 2
    Time: 16:00 - 19:00
    Location: Room 3
    Student Count: 150
    Room Capacity: 200
 
2017-12-10 16:20:52  class:Log.Log info Log.Log 信息 Course Class: Linear Algebra - Session 1
    Time: 9:00 - 12:00
    Location: Room 3
    Student Count: 150
    Room Capacity: 200
 
2017-12-10 16:20:52  class:Log.Log info Log.Log 信息 Course Class: Business Analysis and Information Engineering
    Time: 19:00 - 21:00
    Location: Room 3
    Student Count: 100
    Room Capacity: 200
 
2017-12-10 16:20:52  class:Log.Log info Log.Log 信息 -------------------------Friday:-------------------------------------- 
2017-12-10 16:20:52  class:Log.Log info Log.Log 信息 Course Class: Database
    Time: 17:00 - 20:00
    Location: Room 2
    Student Count: 80
    Room Capacity: 80
 
2017-12-10 16:20:52  class:Log.Log info Log.Log 信息 Course Class: Web Tools
    Time: 9:00 - 12:00
    Location: Room 3
    Student Count: 60
    Room Capacity: 200
 
2017-12-10 16:20:52  class:Log.Log info Log.Log 信息 Course Class: Concurrent and Parallel Programming
    Time: 13:00 - 16:00
    Location: Room 3
    Student Count: 60
    Room Capacity: 200
 
2017-12-10 16:20:52  class:Log.Log info Log.Log 信息 Course Class: SmartPhone Application Development
    Time: 11:00 - 13:00
    Location: Room 2
    Student Count: 50
    Room Capacity: 80
 
