2017-12-10 14:05:53  class:Log.Log info Log.Log 信息 Generation: 0 
2017-12-10 14:05:53  class:Log.Log info Log.Log 信息     Average Fitness: 0.6968333333333334 
2017-12-10 14:05:53  class:Log.Log info Log.Log 信息     Average Mutation Probability: 0.40875724793834406 
2017-12-10 14:05:53  class:Log.Log info Log.Log 信息 Generation: 1 
2017-12-10 14:05:53  class:Log.Log info Log.Log 信息     Average Fitness: 0.7523333333333335 
2017-12-10 14:05:53  class:Log.Log info Log.Log 信息     Average Mutation Probability: 0.4517724278565201 
2017-12-10 14:05:53  class:Log.Log info Log.Log 信息 Generation: 2 
2017-12-10 14:05:53  class:Log.Log info Log.Log 信息     Average Fitness: 0.7843333333333331 
2017-12-10 14:05:53  class:Log.Log info Log.Log 信息     Average Mutation Probability: 0.4619810561163353 
2017-12-10 14:05:53  class:Log.Log info Log.Log 信息 Generation: 3 
2017-12-10 14:05:53  class:Log.Log info Log.Log 信息     Average Fitness: 0.8254999999999992 
2017-12-10 14:05:53  class:Log.Log info Log.Log 信息     Average Mutation Probability: 0.46627834076943364 
2017-12-10 14:05:53  class:Log.Log info Log.Log 信息 Generation: 4 
2017-12-10 14:05:53  class:Log.Log info Log.Log 信息     Average Fitness: 0.8479999999999991 
2017-12-10 14:05:53  class:Log.Log info Log.Log 信息     Average Mutation Probability: 0.4695618535251815 
2017-12-10 14:05:53  class:Log.Log info Log.Log 信息 Generation: 5 
2017-12-10 14:05:53  class:Log.Log info Log.Log 信息     Average Fitness: 0.8701666666666665 
2017-12-10 14:05:53  class:Log.Log info Log.Log 信息     Average Mutation Probability: 0.46812987292764663 
2017-12-10 14:05:53  class:Log.Log info Log.Log 信息 Generation: 6 
2017-12-10 14:05:53  class:Log.Log info Log.Log 信息     Average Fitness: 0.8996666666666673 
2017-12-10 14:05:53  class:Log.Log info Log.Log 信息     Average Mutation Probability: 0.46892705523020617 
2017-12-10 14:05:53  class:Log.Log info Log.Log 信息 Generation: 7 
2017-12-10 14:05:53  class:Log.Log info Log.Log 信息     Average Fitness: 0.9158333333333336 
2017-12-10 14:05:53  class:Log.Log info Log.Log 信息     Average Mutation Probability: 0.4689994400969885 
2017-12-10 14:05:53  class:Log.Log info Log.Log 信息 Generation: 8 
2017-12-10 14:05:53  class:Log.Log info Log.Log 信息     Average Fitness: 0.9271666666666674 
2017-12-10 14:05:53  class:Log.Log info Log.Log 信息     Average Mutation Probability: 0.4689217559925373 
2017-12-10 14:05:53  class:Log.Log info Log.Log 信息 Generation: 9 
2017-12-10 14:05:53  class:Log.Log info Log.Log 信息     Average Fitness: 0.9360000000000013 
2017-12-10 14:05:53  class:Log.Log info Log.Log 信息     Average Mutation Probability: 0.46892260542597386 
2017-12-10 14:05:53  class:Log.Log info Log.Log 信息 Generation: 10 
2017-12-10 14:05:53  class:Log.Log info Log.Log 信息     Average Fitness: 0.9353333333333347 
2017-12-10 14:05:53  class:Log.Log info Log.Log 信息     Average Mutation Probability: 0.46892757829082826 
2017-12-10 14:05:53  class:Log.Log info Log.Log 信息 Generation: 11 
2017-12-10 14:05:53  class:Log.Log info Log.Log 信息     Average Fitness: 0.948166666666668 
2017-12-10 14:05:53  class:Log.Log info Log.Log 信息     Average Mutation Probability: 0.4689493965757937 
2017-12-10 14:05:53  class:Log.Log info Log.Log 信息 Generation: 12 
2017-12-10 14:05:53  class:Log.Log info Log.Log 信息     Average Fitness: 0.9513333333333339 
2017-12-10 14:05:53  class:Log.Log info Log.Log 信息     Average Mutation Probability: 0.4689503386014449 
2017-12-10 14:05:53  class:Log.Log info Log.Log 信息 Generation: 13 
2017-12-10 14:05:53  class:Log.Log info Log.Log 信息     Average Fitness: 0.955500000000001 
2017-12-10 14:05:53  class:Log.Log info Log.Log 信息     Average Mutation Probability: 0.46895615203016683 
2017-12-10 14:05:53  class:Log.Log info Log.Log 信息 
Solution Found! 
2017-12-10 14:05:53  class:Log.Log info Log.Log 信息 
-------------------------Monday:------------------------------------ 
2017-12-10 14:05:53  class:Log.Log info Log.Log 信息 Course Class: Cloud Computing - Session 1
    Time: 8:00 - 11:00
    Location: Room 3
    Student Count: 90
    Room Capacity: 200
 
2017-12-10 14:05:53  class:Log.Log info Log.Log 信息 Course Class: Cloud Computing - Session 2
    Time: 14:00 - 17:00
    Location: Room 3
    Student Count: 90
    Room Capacity: 200
 
2017-12-10 14:05:53  class:Log.Log info Log.Log 信息 Course Class: Web Design
    Time: 17:00 - 20:00
    Location: Room 3
    Student Count: 80
    Room Capacity: 200
 
2017-12-10 14:05:53  class:Log.Log info Log.Log 信息 -------------------------Tuseday:------------------------------------- 
2017-12-10 14:05:53  class:Log.Log info Log.Log 信息 Course Class: Web Tools
    Time: 8:00 - 11:00
    Location: Room 1
    Student Count: 60
    Room Capacity: 60
 
2017-12-10 14:05:53  class:Log.Log info Log.Log 信息 Course Class: Application Engineering Development - session1
    Time: 17:00 - 20:00
    Location: Room 3
    Student Count: 200
    Room Capacity: 200
 
2017-12-10 14:05:53  class:Log.Log info Log.Log 信息 Course Class: Data Warehousing and Business Intelligence
    Time: 8:00 - 11:00
    Location: Room 3
    Student Count: 100
    Room Capacity: 200
 
2017-12-10 14:05:53  class:Log.Log info Log.Log 信息 Course Class: Linear Algebra - Session 1
    Time: 11:00 - 14:00
    Location: Room 3
    Student Count: 150
    Room Capacity: 200
 
2017-12-10 14:05:53  class:Log.Log info Log.Log 信息 Course Class: Big Data
    Time: 16:00 - 18:00
    Location: Room 1
    Student Count: 60
    Room Capacity: 60
 
2017-12-10 14:05:53  class:Log.Log info Log.Log 信息 -------------------------Wednesday:----------------------------------- 
2017-12-10 14:05:53  class:Log.Log info Log.Log 信息 Course Class: Database
    Time: 15:00 - 18:00
    Location: Room 2
    Student Count: 80
    Room Capacity: 80
 
2017-12-10 14:05:53  class:Log.Log info Log.Log 信息 Course Class: Object-Oriented Design
    Time: 8:00 - 11:00
    Location: Room 3
    Student Count: 100
    Room Capacity: 200
 
2017-12-10 14:05:53  class:Log.Log info Log.Log 信息 Course Class: Algorithm
    Time: 18:00 - 20:00
    Location: Room 2
    Student Count: 50
    Room Capacity: 80
 
2017-12-10 14:05:53  class:Log.Log info Log.Log 信息 Course Class: Concurrent and Parallel Programming
    Time: 11:00 - 14:00
    Location: Room 1
    Student Count: 60
    Room Capacity: 60
 
2017-12-10 14:05:53  class:Log.Log info Log.Log 信息 Course Class: Business Analysis and Information Engineering
    Time: 12:00 - 14:00
    Location: Room 3
    Student Count: 100
    Room Capacity: 200
 
2017-12-10 14:05:53  class:Log.Log info Log.Log 信息 -------------------------Thursday:------------------------------------ 
2017-12-10 14:05:53  class:Log.Log info Log.Log 信息 Course Class: Linear Algebra - Session 2
    Time: 11:00 - 14:00
    Location: Room 3
    Student Count: 150
    Room Capacity: 200
 
2017-12-10 14:05:53  class:Log.Log info Log.Log 信息 Course Class: Advanced Mathematics - Session 2
    Time: 16:00 - 19:00
    Location: Room 3
    Student Count: 150
    Room Capacity: 200
 
2017-12-10 14:05:53  class:Log.Log info Log.Log 信息 Course Class: User Experience Design
    Time: 9:00 - 11:00
    Location: Room 3
    Student Count: 90
    Room Capacity: 200
 
2017-12-10 14:05:53  class:Log.Log info Log.Log 信息 Course Class: SmartPhone Application Development
    Time: 8:00 - 10:00
    Location: Room 1
    Student Count: 50
    Room Capacity: 60
 
2017-12-10 14:05:53  class:Log.Log info Log.Log 信息 -------------------------Friday:-------------------------------------- 
2017-12-10 14:05:53  class:Log.Log info Log.Log 信息 Course Class: Application Engineering Development - session2
    Time: 16:00 - 19:00
    Location: Room 3
    Student Count: 200
    Room Capacity: 200
 
2017-12-10 14:05:53  class:Log.Log info Log.Log 信息 Course Class: Advanced Mathematics - Session 1
    Time: 8:00 - 11:00
    Location: Room 3
    Student Count: 150
    Room Capacity: 200
 
2017-12-10 14:05:53  class:Log.Log info Log.Log 信息 Course Class: Software Quality Control
    Time: 16:00 - 19:00
    Location: Room 1
    Student Count: 50
    Room Capacity: 60
 
