2017-12-10 14:02:53  class:Log.Log info Log.Log 信息 Generation: 0 
2017-12-10 14:02:53  class:Log.Log info Log.Log 信息     Average Fitness: 0.6995 
2017-12-10 14:02:53  class:Log.Log info Log.Log 信息     Average Mutation Probability: 0.40701358087385064 
2017-12-10 14:02:53  class:Log.Log info Log.Log 信息 Generation: 1 
2017-12-10 14:02:53  class:Log.Log info Log.Log 信息     Average Fitness: 0.7639999999999999 
2017-12-10 14:02:53  class:Log.Log info Log.Log 信息     Average Mutation Probability: 0.4578444165410341 
2017-12-10 14:02:53  class:Log.Log info Log.Log 信息 Generation: 2 
2017-12-10 14:02:53  class:Log.Log info Log.Log 信息     Average Fitness: 0.8139999999999996 
2017-12-10 14:02:53  class:Log.Log info Log.Log 信息     Average Mutation Probability: 0.4605262161176874 
2017-12-10 14:02:53  class:Log.Log info Log.Log 信息 Generation: 3 
2017-12-10 14:02:53  class:Log.Log info Log.Log 信息     Average Fitness: 0.8416666666666661 
2017-12-10 14:02:53  class:Log.Log info Log.Log 信息     Average Mutation Probability: 0.4594003955585174 
2017-12-10 14:02:53  class:Log.Log info Log.Log 信息 Generation: 4 
2017-12-10 14:02:53  class:Log.Log info Log.Log 信息     Average Fitness: 0.8798333333333336 
2017-12-10 14:02:53  class:Log.Log info Log.Log 信息     Average Mutation Probability: 0.4577594331280858 
2017-12-10 14:02:53  class:Log.Log info Log.Log 信息 Generation: 5 
2017-12-10 14:02:53  class:Log.Log info Log.Log 信息     Average Fitness: 0.8940000000000002 
2017-12-10 14:02:53  class:Log.Log info Log.Log 信息     Average Mutation Probability: 0.4573496266395406 
2017-12-10 14:02:53  class:Log.Log info Log.Log 信息 Generation: 6 
2017-12-10 14:02:53  class:Log.Log info Log.Log 信息     Average Fitness: 0.9083333333333334 
2017-12-10 14:02:53  class:Log.Log info Log.Log 信息     Average Mutation Probability: 0.45744047787283465 
2017-12-10 14:02:53  class:Log.Log info Log.Log 信息 Generation: 7 
2017-12-10 14:02:53  class:Log.Log info Log.Log 信息     Average Fitness: 0.9286666666666674 
2017-12-10 14:02:53  class:Log.Log info Log.Log 信息     Average Mutation Probability: 0.4569728260744765 
2017-12-10 14:02:53  class:Log.Log info Log.Log 信息 Generation: 8 
2017-12-10 14:02:53  class:Log.Log info Log.Log 信息     Average Fitness: 0.9515000000000012 
2017-12-10 14:02:53  class:Log.Log info Log.Log 信息     Average Mutation Probability: 0.45716884011652703 
2017-12-10 14:02:53  class:Log.Log info Log.Log 信息 Generation: 9 
2017-12-10 14:02:53  class:Log.Log info Log.Log 信息     Average Fitness: 0.968000000000001 
2017-12-10 14:02:53  class:Log.Log info Log.Log 信息     Average Mutation Probability: 0.45694516952568476 
2017-12-10 14:02:53  class:Log.Log info Log.Log 信息 Generation: 10 
2017-12-10 14:02:53  class:Log.Log info Log.Log 信息     Average Fitness: 0.9701666666666675 
2017-12-10 14:02:53  class:Log.Log info Log.Log 信息     Average Mutation Probability: 0.4568008340397585 
2017-12-10 14:02:53  class:Log.Log info Log.Log 信息 Generation: 11 
2017-12-10 14:02:53  class:Log.Log info Log.Log 信息     Average Fitness: 0.9663333333333343 
2017-12-10 14:02:53  class:Log.Log info Log.Log 信息     Average Mutation Probability: 0.45680376491327673 
2017-12-10 14:02:53  class:Log.Log info Log.Log 信息 Generation: 12 
2017-12-10 14:02:53  class:Log.Log info Log.Log 信息     Average Fitness: 0.9708333333333343 
2017-12-10 14:02:53  class:Log.Log info Log.Log 信息     Average Mutation Probability: 0.4567967495547394 
2017-12-10 14:02:53  class:Log.Log info Log.Log 信息 Generation: 13 
2017-12-10 14:02:53  class:Log.Log info Log.Log 信息     Average Fitness: 0.9740000000000008 
2017-12-10 14:02:53  class:Log.Log info Log.Log 信息     Average Mutation Probability: 0.4567883875942551 
2017-12-10 14:02:53  class:Log.Log info Log.Log 信息 Generation: 14 
2017-12-10 14:02:53  class:Log.Log info Log.Log 信息     Average Fitness: 0.9710000000000006 
2017-12-10 14:02:53  class:Log.Log info Log.Log 信息     Average Mutation Probability: 0.45679054312330775 
2017-12-10 14:02:53  class:Log.Log info Log.Log 信息 Generation: 15 
2017-12-10 14:02:53  class:Log.Log info Log.Log 信息     Average Fitness: 0.9735000000000008 
2017-12-10 14:02:53  class:Log.Log info Log.Log 信息     Average Mutation Probability: 0.45679034366142646 
2017-12-10 14:02:53  class:Log.Log info Log.Log 信息 
Solution Found! 
2017-12-10 14:02:53  class:Log.Log info Log.Log 信息 
-------------------------Monday:------------------------------------ 
2017-12-10 14:02:53  class:Log.Log info Log.Log 信息 Course Class: Data Warehousing and Business Intelligence
    Time: 15:00 - 18:00
    Location: Room 3
    Student Count: 100
    Room Capacity: 200
 
2017-12-10 14:02:53  class:Log.Log info Log.Log 信息 Course Class: Advanced Mathematics - Session 1
    Time: 8:00 - 11:00
    Location: Room 3
    Student Count: 150
    Room Capacity: 200
 
2017-12-10 14:02:53  class:Log.Log info Log.Log 信息 Course Class: Algorithm
    Time: 13:00 - 15:00
    Location: Room 2
    Student Count: 50
    Room Capacity: 80
 
2017-12-10 14:02:53  class:Log.Log info Log.Log 信息 Course Class: Web Design
    Time: 18:00 - 21:00
    Location: Room 2
    Student Count: 80
    Room Capacity: 80
 
2017-12-10 14:02:53  class:Log.Log info Log.Log 信息 Course Class: Software Quality Control
    Time: 15:00 - 18:00
    Location: Room 1
    Student Count: 50
    Room Capacity: 60
 
2017-12-10 14:02:53  class:Log.Log info Log.Log 信息 Course Class: Business Analysis and Information Engineering
    Time: 19:00 - 21:00
    Location: Room 3
    Student Count: 100
    Room Capacity: 200
 
2017-12-10 14:02:53  class:Log.Log info Log.Log 信息 -------------------------Tuseday:------------------------------------- 
2017-12-10 14:02:53  class:Log.Log info Log.Log 信息 Course Class: Web Tools
    Time: 12:00 - 15:00
    Location: Room 2
    Student Count: 60
    Room Capacity: 80
 
2017-12-10 14:02:53  class:Log.Log info Log.Log 信息 Course Class: Application Engineering Development - session1
    Time: 13:00 - 16:00
    Location: Room 3
    Student Count: 200
    Room Capacity: 200
 
2017-12-10 14:02:53  class:Log.Log info Log.Log 信息 Course Class: Concurrent and Parallel Programming
    Time: 18:00 - 21:00
    Location: Room 1
    Student Count: 60
    Room Capacity: 60
 
2017-12-10 14:02:53  class:Log.Log info Log.Log 信息 Course Class: User Experience Design
    Time: 18:00 - 20:00
    Location: Room 3
    Student Count: 90
    Room Capacity: 200
 
2017-12-10 14:02:53  class:Log.Log info Log.Log 信息 -------------------------Wednesday:----------------------------------- 
2017-12-10 14:02:53  class:Log.Log info Log.Log 信息 Course Class: Cloud Computing - Session 1
    Time: 8:00 - 11:00
    Location: Room 3
    Student Count: 90
    Room Capacity: 200
 
2017-12-10 14:02:53  class:Log.Log info Log.Log 信息 Course Class: Database
    Time: 17:00 - 20:00
    Location: Room 2
    Student Count: 80
    Room Capacity: 80
 
2017-12-10 14:02:53  class:Log.Log info Log.Log 信息 Course Class: Application Engineering Development - session2
    Time: 18:00 - 21:00
    Location: Room 3
    Student Count: 200
    Room Capacity: 200
 
2017-12-10 14:02:53  class:Log.Log info Log.Log 信息 Course Class: Linear Algebra - Session 1
    Time: 11:00 - 14:00
    Location: Room 3
    Student Count: 150
    Room Capacity: 200
 
2017-12-10 14:02:53  class:Log.Log info Log.Log 信息 -------------------------Thursday:------------------------------------ 
2017-12-10 14:02:53  class:Log.Log info Log.Log 信息 Course Class: Linear Algebra - Session 2
    Time: 9:00 - 12:00
    Location: Room 3
    Student Count: 150
    Room Capacity: 200
 
2017-12-10 14:02:53  class:Log.Log info Log.Log 信息 Course Class: Advanced Mathematics - Session 2
    Time: 17:00 - 20:00
    Location: Room 3
    Student Count: 150
    Room Capacity: 200
 
2017-12-10 14:02:53  class:Log.Log info Log.Log 信息 Course Class: SmartPhone Application Development
    Time: 10:00 - 12:00
    Location: Room 2
    Student Count: 50
    Room Capacity: 80
 
2017-12-10 14:02:53  class:Log.Log info Log.Log 信息 -------------------------Friday:-------------------------------------- 
2017-12-10 14:02:53  class:Log.Log info Log.Log 信息 Course Class: Cloud Computing - Session 2
    Time: 14:00 - 17:00
    Location: Room 3
    Student Count: 90
    Room Capacity: 200
 
2017-12-10 14:02:53  class:Log.Log info Log.Log 信息 Course Class: Object-Oriented Design
    Time: 9:00 - 12:00
    Location: Room 3
    Student Count: 100
    Room Capacity: 200
 
2017-12-10 14:02:53  class:Log.Log info Log.Log 信息 Course Class: Big Data
    Time: 17:00 - 19:00
    Location: Room 3
    Student Count: 60
    Room Capacity: 200
 
