2017-12-10 16:20:50  class:Log.Log info Log.Log 信息 Generation: 0 
2017-12-10 16:20:50  class:Log.Log info Log.Log 信息     Average Fitness: 0.6956666666666664 
2017-12-10 16:20:50  class:Log.Log info Log.Log 信息     Average Mutation Probability: 0.4028184511871246 
2017-12-10 16:20:50  class:Log.Log info Log.Log 信息 Generation: 1 
2017-12-10 16:20:50  class:Log.Log info Log.Log 信息     Average Fitness: 0.7851666666666663 
2017-12-10 16:20:50  class:Log.Log info Log.Log 信息     Average Mutation Probability: 0.4242190360821806 
2017-12-10 16:20:50  class:Log.Log info Log.Log 信息 Generation: 2 
2017-12-10 16:20:50  class:Log.Log info Log.Log 信息     Average Fitness: 0.8218333333333331 
2017-12-10 16:20:50  class:Log.Log info Log.Log 信息     Average Mutation Probability: 0.42818638688445737 
2017-12-10 16:20:50  class:Log.Log info Log.Log 信息 Generation: 3 
2017-12-10 16:20:50  class:Log.Log info Log.Log 信息     Average Fitness: 0.8683333333333328 
2017-12-10 16:20:50  class:Log.Log info Log.Log 信息     Average Mutation Probability: 0.42990766482322024 
2017-12-10 16:20:50  class:Log.Log info Log.Log 信息 Generation: 4 
2017-12-10 16:20:50  class:Log.Log info Log.Log 信息     Average Fitness: 0.9038333333333335 
2017-12-10 16:20:50  class:Log.Log info Log.Log 信息     Average Mutation Probability: 0.4296674668596733 
2017-12-10 16:20:50  class:Log.Log info Log.Log 信息 Generation: 5 
2017-12-10 16:20:50  class:Log.Log info Log.Log 信息     Average Fitness: 0.9243333333333337 
2017-12-10 16:20:50  class:Log.Log info Log.Log 信息     Average Mutation Probability: 0.4294973510957621 
2017-12-10 16:20:50  class:Log.Log info Log.Log 信息 Generation: 6 
2017-12-10 16:20:50  class:Log.Log info Log.Log 信息     Average Fitness: 0.9263333333333338 
2017-12-10 16:20:50  class:Log.Log info Log.Log 信息     Average Mutation Probability: 0.42949735109576226 
2017-12-10 16:20:50  class:Log.Log info Log.Log 信息 Generation: 7 
2017-12-10 16:20:50  class:Log.Log info Log.Log 信息     Average Fitness: 0.9391666666666678 
2017-12-10 16:20:50  class:Log.Log info Log.Log 信息     Average Mutation Probability: 0.4292553056436282 
2017-12-10 16:20:50  class:Log.Log info Log.Log 信息 Generation: 8 
2017-12-10 16:20:50  class:Log.Log info Log.Log 信息     Average Fitness: 0.9465000000000015 
2017-12-10 16:20:50  class:Log.Log info Log.Log 信息     Average Mutation Probability: 0.4290762549660845 
2017-12-10 16:20:50  class:Log.Log info Log.Log 信息 Generation: 9 
2017-12-10 16:20:50  class:Log.Log info Log.Log 信息     Average Fitness: 0.9561666666666677 
2017-12-10 16:20:50  class:Log.Log info Log.Log 信息     Average Mutation Probability: 0.428952771740193 
2017-12-10 16:20:50  class:Log.Log info Log.Log 信息 Generation: 10 
2017-12-10 16:20:50  class:Log.Log info Log.Log 信息     Average Fitness: 0.957333333333334 
2017-12-10 16:20:50  class:Log.Log info Log.Log 信息     Average Mutation Probability: 0.42898364254666627 
2017-12-10 16:20:50  class:Log.Log info Log.Log 信息 Generation: 11 
2017-12-10 16:20:50  class:Log.Log info Log.Log 信息     Average Fitness: 0.9573333333333344 
2017-12-10 16:20:50  class:Log.Log info Log.Log 信息     Average Mutation Probability: 0.4290430688491266 
2017-12-10 16:20:50  class:Log.Log info Log.Log 信息 Generation: 12 
2017-12-10 16:20:50  class:Log.Log info Log.Log 信息     Average Fitness: 0.9546666666666678 
2017-12-10 16:20:50  class:Log.Log info Log.Log 信息     Average Mutation Probability: 0.42906197721809086 
2017-12-10 16:20:50  class:Log.Log info Log.Log 信息 Generation: 13 
2017-12-10 16:20:50  class:Log.Log info Log.Log 信息     Average Fitness: 0.9556666666666678 
2017-12-10 16:20:50  class:Log.Log info Log.Log 信息     Average Mutation Probability: 0.42905599599933664 
2017-12-10 16:20:50  class:Log.Log info Log.Log 信息 Generation: 14 
2017-12-10 16:20:50  class:Log.Log info Log.Log 信息     Average Fitness: 0.9548333333333342 
2017-12-10 16:20:50  class:Log.Log info Log.Log 信息     Average Mutation Probability: 0.42903255348067154 
2017-12-10 16:20:50  class:Log.Log info Log.Log 信息 Generation: 15 
2017-12-10 16:20:50  class:Log.Log info Log.Log 信息     Average Fitness: 0.9648333333333342 
2017-12-10 16:20:50  class:Log.Log info Log.Log 信息     Average Mutation Probability: 0.4290363158602107 
2017-12-10 16:20:50  class:Log.Log info Log.Log 信息 Generation: 16 
2017-12-10 16:20:50  class:Log.Log info Log.Log 信息     Average Fitness: 0.974333333333334 
2017-12-10 16:20:50  class:Log.Log info Log.Log 信息     Average Mutation Probability: 0.42902905639712585 
2017-12-10 16:20:50  class:Log.Log info Log.Log 信息 Generation: 17 
2017-12-10 16:20:50  class:Log.Log info Log.Log 信息     Average Fitness: 0.9735000000000009 
2017-12-10 16:20:50  class:Log.Log info Log.Log 信息     Average Mutation Probability: 0.42902605372884023 
2017-12-10 16:20:50  class:Log.Log info Log.Log 信息 Generation: 18 
2017-12-10 16:20:50  class:Log.Log info Log.Log 信息     Average Fitness: 0.9763333333333342 
2017-12-10 16:20:50  class:Log.Log info Log.Log 信息     Average Mutation Probability: 0.4290255653430349 
2017-12-10 16:20:50  class:Log.Log info Log.Log 信息 Generation: 19 
2017-12-10 16:20:50  class:Log.Log info Log.Log 信息     Average Fitness: 0.977333333333334 
2017-12-10 16:20:50  class:Log.Log info Log.Log 信息     Average Mutation Probability: 0.42902574321193904 
2017-12-10 16:20:50  class:Log.Log info Log.Log 信息 Generation: 20 
2017-12-10 16:20:50  class:Log.Log info Log.Log 信息     Average Fitness: 0.9753333333333343 
2017-12-10 16:20:50  class:Log.Log info Log.Log 信息     Average Mutation Probability: 0.4290255382104901 
2017-12-10 16:20:50  class:Log.Log info Log.Log 信息 Generation: 21 
2017-12-10 16:20:50  class:Log.Log info Log.Log 信息     Average Fitness: 0.9746666666666673 
2017-12-10 16:20:50  class:Log.Log info Log.Log 信息     Average Mutation Probability: 0.4290256158397153 
2017-12-10 16:20:50  class:Log.Log info Log.Log 信息 Generation: 22 
2017-12-10 16:20:50  class:Log.Log info Log.Log 信息     Average Fitness: 0.9748333333333341 
2017-12-10 16:20:50  class:Log.Log info Log.Log 信息     Average Mutation Probability: 0.42902538709728943 
2017-12-10 16:20:50  class:Log.Log info Log.Log 信息 Generation: 23 
2017-12-10 16:20:50  class:Log.Log info Log.Log 信息     Average Fitness: 0.9741666666666674 
2017-12-10 16:20:50  class:Log.Log info Log.Log 信息     Average Mutation Probability: 0.42902547056754853 
2017-12-10 16:20:50  class:Log.Log info Log.Log 信息 Generation: 24 
2017-12-10 16:20:50  class:Log.Log info Log.Log 信息     Average Fitness: 0.9740000000000008 
2017-12-10 16:20:50  class:Log.Log info Log.Log 信息     Average Mutation Probability: 0.42902543900712337 
2017-12-10 16:20:50  class:Log.Log info Log.Log 信息 Generation: 25 
2017-12-10 16:20:50  class:Log.Log info Log.Log 信息     Average Fitness: 0.9733333333333343 
2017-12-10 16:20:50  class:Log.Log info Log.Log 信息     Average Mutation Probability: 0.4290254063632808 
2017-12-10 16:20:50  class:Log.Log info Log.Log 信息 
Solution Found! 
2017-12-10 16:20:50  class:Log.Log info Log.Log 信息 
-------------------------Monday:------------------------------------ 
2017-12-10 16:20:50  class:Log.Log info Log.Log 信息 Course Class: Data Warehousing and Business Intelligence
    Time: 16:00 - 19:00
    Location: Room 3
    Student Count: 100
    Room Capacity: 200
 
2017-12-10 16:20:50  class:Log.Log info Log.Log 信息 Course Class: Algorithm
    Time: 19:00 - 21:00
    Location: Room 1
    Student Count: 50
    Room Capacity: 60
 
2017-12-10 16:20:50  class:Log.Log info Log.Log 信息 Course Class: Concurrent and Parallel Programming
    Time: 8:00 - 11:00
    Location: Room 1
    Student Count: 60
    Room Capacity: 60
 
2017-12-10 16:20:50  class:Log.Log info Log.Log 信息 Course Class: Business Analysis and Information Engineering
    Time: 11:00 - 13:00
    Location: Room 3
    Student Count: 100
    Room Capacity: 200
 
2017-12-10 16:20:50  class:Log.Log info Log.Log 信息 Course Class: Big Data
    Time: 11:00 - 13:00
    Location: Room 1
    Student Count: 60
    Room Capacity: 60
 
2017-12-10 16:20:50  class:Log.Log info Log.Log 信息 Course Class: User Experience Design
    Time: 14:00 - 16:00
    Location: Room 3
    Student Count: 90
    Room Capacity: 200
 
2017-12-10 16:20:50  class:Log.Log info Log.Log 信息 -------------------------Tuseday:------------------------------------- 
2017-12-10 16:20:50  class:Log.Log info Log.Log 信息 Course Class: Database
    Time: 13:00 - 16:00
    Location: Room 3
    Student Count: 80
    Room Capacity: 200
 
2017-12-10 16:20:50  class:Log.Log info Log.Log 信息 Course Class: Object-Oriented Design
    Time: 8:00 - 11:00
    Location: Room 3
    Student Count: 100
    Room Capacity: 200
 
2017-12-10 16:20:50  class:Log.Log info Log.Log 信息 -------------------------Wednesday:----------------------------------- 
2017-12-10 16:20:50  class:Log.Log info Log.Log 信息 Course Class: Web Tools
    Time: 17:00 - 20:00
    Location: Room 1
    Student Count: 60
    Room Capacity: 60
 
2017-12-10 16:20:50  class:Log.Log info Log.Log 信息 Course Class: Cloud Computing - Session 2
    Time: 18:00 - 21:00
    Location: Room 3
    Student Count: 90
    Room Capacity: 200
 
2017-12-10 16:20:50  class:Log.Log info Log.Log 信息 Course Class: Application Engineering Development - session2
    Time: 8:00 - 11:00
    Location: Room 3
    Student Count: 200
    Room Capacity: 200
 
2017-12-10 16:20:50  class:Log.Log info Log.Log 信息 Course Class: Linear Algebra - Session 1
    Time: 15:00 - 18:00
    Location: Room 3
    Student Count: 150
    Room Capacity: 200
 
2017-12-10 16:20:50  class:Log.Log info Log.Log 信息 -------------------------Thursday:------------------------------------ 
2017-12-10 16:20:50  class:Log.Log info Log.Log 信息 Course Class: Advanced Mathematics - Session 1
    Time: 10:00 - 13:00
    Location: Room 3
    Student Count: 150
    Room Capacity: 200
 
2017-12-10 16:20:50  class:Log.Log info Log.Log 信息 Course Class: Advanced Mathematics - Session 2
    Time: 14:00 - 17:00
    Location: Room 3
    Student Count: 150
    Room Capacity: 200
 
2017-12-10 16:20:50  class:Log.Log info Log.Log 信息 Course Class: Software Quality Control
    Time: 16:00 - 19:00
    Location: Room 1
    Student Count: 50
    Room Capacity: 60
 
2017-12-10 16:20:50  class:Log.Log info Log.Log 信息 Course Class: SmartPhone Application Development
    Time: 10:00 - 12:00
    Location: Room 1
    Student Count: 50
    Room Capacity: 60
 
2017-12-10 16:20:50  class:Log.Log info Log.Log 信息 -------------------------Friday:-------------------------------------- 
2017-12-10 16:20:50  class:Log.Log info Log.Log 信息 Course Class: Cloud Computing - Session 1
    Time: 17:00 - 20:00
    Location: Room 3
    Student Count: 90
    Room Capacity: 200
 
2017-12-10 16:20:50  class:Log.Log info Log.Log 信息 Course Class: Application Engineering Development - session1
    Time: 11:00 - 14:00
    Location: Room 3
    Student Count: 200
    Room Capacity: 200
 
2017-12-10 16:20:50  class:Log.Log info Log.Log 信息 Course Class: Linear Algebra - Session 2
    Time: 18:00 - 21:00
    Location: Room 3
    Student Count: 150
    Room Capacity: 200
 
2017-12-10 16:20:50  class:Log.Log info Log.Log 信息 Course Class: Web Design
    Time: 15:00 - 18:00
    Location: Room 2
    Student Count: 80
    Room Capacity: 80
 
